24-01-02 17:32:23.529 [main] INFO  [User2Application:50] - Starting User2Application using Java 17.0.9 with PID 9100 (C:\user2\build\classes\java\main started by ghkim in C:\user2)
24-01-02 17:32:23.534 [main] INFO  [User2Application:662] - No active profile set, falling back to 1 default profile: "default"
24-01-02 17:32:24.008 [main] WARN  [ClassPathMapperScanner:44] - No MyBatis mapper was found in '[com.gyuha.user2]' package. Please check your configuration.
24-01-02 17:32:24.341 [main] INFO  [TomcatWebServer:109] - Tomcat initialized with port 8080 (http)
24-01-02 17:32:24.348 [main] INFO  [Http11NioProtocol:173] - Initializing ProtocolHandler ["http-nio-8080"]
24-01-02 17:32:24.350 [main] INFO  [StandardService:173] - Starting service [Tomcat]
24-01-02 17:32:24.354 [main] INFO  [StandardEngine:173] - Starting Servlet engine: [Apache Tomcat/10.1.17]
24-01-02 17:32:24.508 [main] INFO  [TldScanner:173] - At least one JAR was scanned for TLDs yet contained no TLDs. Enable debug logging for this logger for a complete list of JARs that were scanned but no TLDs were found in them. Skipping unneeded JARs during scanning can improve startup time and JSP compilation time.
24-01-02 17:32:24.514 [main] INFO  [[/]:173] - Initializing Spring embedded WebApplicationContext
24-01-02 17:32:24.514 [main] INFO  [ServletWebServerApplicationContext:296] - Root WebApplicationContext: initialization completed in 951 ms
24-01-02 17:32:24.832 [main] WARN  [UserDetailsServiceAutoConfiguration:84] - 

Using generated security password: 46f32e22-1589-4eab-b504-4e87dc46d91f

This generated password is for development use only. Your security configuration must be updated before running your application in production.

24-01-02 17:32:24.941 [main] INFO  [DefaultSecurityFilterChain:54] - Will secure any request with [org.springframework.security.web.session.DisableEncodeUrlFilter@3a11c0eb, org.springframework.security.web.context.request.async.WebAsyncManagerIntegrationFilter@3313d477, org.springframework.security.web.context.SecurityContextHolderFilter@58b311ba, org.springframework.security.web.header.HeaderWriterFilter@49cb3881, org.springframework.web.filter.CorsFilter@2c2c3947, org.springframework.security.web.csrf.CsrfFilter@b5aa65b, org.springframework.security.web.authentication.logout.LogoutFilter@b768a65, org.springframework.security.web.authentication.UsernamePasswordAuthenticationFilter@3c7b137a, org.springframework.security.web.authentication.ui.DefaultLoginPageGeneratingFilter@7ddcb0dc, org.springframework.security.web.authentication.ui.DefaultLogoutPageGeneratingFilter@4a62062a, org.springframework.security.web.authentication.www.BasicAuthenticationFilter@604d28c6, org.springframework.security.web.savedrequest.RequestCacheAwareFilter@75eaba95, org.springframework.security.web.servletapi.SecurityContextHolderAwareRequestFilter@320be73, org.springframework.security.web.authentication.AnonymousAuthenticationFilter@7ec08115, org.springframework.security.web.access.ExceptionTranslationFilter@3c81cd82, org.springframework.security.web.access.intercept.AuthorizationFilter@6806468e]
24-01-02 17:32:24.970 [main] INFO  [Http11NioProtocol:173] - Starting ProtocolHandler ["http-nio-8080"]
24-01-02 17:32:24.993 [main] INFO  [TomcatWebServer:241] - Tomcat started on port 8080 (http) with context path ''
24-01-02 17:32:25.000 [main] INFO  [User2Application:56] - Started User2Application in 1.828 seconds (process running for 2.091)
24-01-02 17:38:23.421 [main] INFO  [User2Application:50] - Starting User2Application using Java 17.0.9 with PID 29440 (C:\user2\build\classes\java\main started by ghkim in C:\user2)
24-01-02 17:38:23.424 [main] INFO  [User2Application:662] - No active profile set, falling back to 1 default profile: "default"
24-01-02 17:38:23.897 [main] WARN  [ClassPathMapperScanner:44] - No MyBatis mapper was found in '[com.gyuha.user2]' package. Please check your configuration.
24-01-02 17:38:24.206 [main] INFO  [TomcatWebServer:109] - Tomcat initialized with port 8080 (http)
24-01-02 17:38:24.214 [main] INFO  [Http11NioProtocol:173] - Initializing ProtocolHandler ["http-nio-8080"]
24-01-02 17:38:24.216 [main] INFO  [StandardService:173] - Starting service [Tomcat]
24-01-02 17:38:24.216 [main] INFO  [StandardEngine:173] - Starting Servlet engine: [Apache Tomcat/10.1.17]
24-01-02 17:38:24.363 [main] INFO  [TldScanner:173] - At least one JAR was scanned for TLDs yet contained no TLDs. Enable debug logging for this logger for a complete list of JARs that were scanned but no TLDs were found in them. Skipping unneeded JARs during scanning can improve startup time and JSP compilation time.
24-01-02 17:38:24.369 [main] INFO  [[/]:173] - Initializing Spring embedded WebApplicationContext
24-01-02 17:38:24.370 [main] INFO  [ServletWebServerApplicationContext:296] - Root WebApplicationContext: initialization completed in 916 ms
24-01-02 17:38:24.670 [main] WARN  [UserDetailsServiceAutoConfiguration:84] - 

Using generated security password: f8efd37b-5624-4436-b661-03d05f334f2c

This generated password is for development use only. Your security configuration must be updated before running your application in production.

24-01-02 17:38:24.760 [main] INFO  [DefaultSecurityFilterChain:54] - Will secure any request with [org.springframework.security.web.session.DisableEncodeUrlFilter@36224f93, org.springframework.security.web.context.request.async.WebAsyncManagerIntegrationFilter@1ee5632d, org.springframework.security.web.context.SecurityContextHolderFilter@3c7b137a, org.springframework.security.web.header.HeaderWriterFilter@7c950b3b, org.springframework.web.filter.CorsFilter@52a7928a, org.springframework.security.web.csrf.CsrfFilter@4b9c411, org.springframework.security.web.authentication.logout.LogoutFilter@3d3c886f, org.springframework.security.web.authentication.UsernamePasswordAuthenticationFilter@51ba952e, org.springframework.security.web.authentication.ui.DefaultLoginPageGeneratingFilter@4d354a3e, org.springframework.security.web.authentication.ui.DefaultLogoutPageGeneratingFilter@563ccd31, org.springframework.security.web.authentication.www.BasicAuthenticationFilter@39023dbf, org.springframework.security.web.savedrequest.RequestCacheAwareFilter@5a48da4f, org.springframework.security.web.servletapi.SecurityContextHolderAwareRequestFilter@a0c5be, org.springframework.security.web.authentication.AnonymousAuthenticationFilter@72465eb2, org.springframework.security.web.access.ExceptionTranslationFilter@15e8f9b2, org.springframework.security.web.access.intercept.AuthorizationFilter@67328bcb]
24-01-02 17:38:24.789 [main] INFO  [Http11NioProtocol:173] - Starting ProtocolHandler ["http-nio-8080"]
24-01-02 17:38:24.811 [main] INFO  [TomcatWebServer:241] - Tomcat started on port 8080 (http) with context path ''
24-01-02 17:38:24.818 [main] INFO  [User2Application:56] - Started User2Application in 1.779 seconds (process running for 2.042)
24-01-02 17:38:27.625 [http-nio-8080-exec-1] INFO  [[/]:173] - Initializing Spring DispatcherServlet 'dispatcherServlet'
24-01-02 17:38:27.625 [http-nio-8080-exec-1] INFO  [DispatcherServlet:532] - Initializing Servlet 'dispatcherServlet'
24-01-02 17:38:27.626 [http-nio-8080-exec-1] INFO  [DispatcherServlet:554] - Completed initialization in 1 ms
24-01-02 17:41:39.941 [main] INFO  [User2Application:50] - Starting User2Application using Java 17.0.9 with PID 14716 (C:\user2\build\classes\java\main started by ghkim in C:\user2)
24-01-02 17:41:39.944 [main] INFO  [User2Application:662] - No active profile set, falling back to 1 default profile: "default"
24-01-02 17:41:40.468 [main] WARN  [ClassPathMapperScanner:44] - No MyBatis mapper was found in '[com.gyuha.user2]' package. Please check your configuration.
24-01-02 17:41:40.808 [main] INFO  [TomcatWebServer:109] - Tomcat initialized with port 8080 (http)
24-01-02 17:41:40.817 [main] INFO  [Http11NioProtocol:173] - Initializing ProtocolHandler ["http-nio-8080"]
24-01-02 17:41:40.819 [main] INFO  [StandardService:173] - Starting service [Tomcat]
24-01-02 17:41:40.820 [main] INFO  [StandardEngine:173] - Starting Servlet engine: [Apache Tomcat/10.1.17]
24-01-02 17:41:40.987 [main] INFO  [TldScanner:173] - At least one JAR was scanned for TLDs yet contained no TLDs. Enable debug logging for this logger for a complete list of JARs that were scanned but no TLDs were found in them. Skipping unneeded JARs during scanning can improve startup time and JSP compilation time.
24-01-02 17:41:40.994 [main] INFO  [[/]:173] - Initializing Spring embedded WebApplicationContext
24-01-02 17:41:40.994 [main] INFO  [ServletWebServerApplicationContext:296] - Root WebApplicationContext: initialization completed in 1016 ms
24-01-02 17:41:41.072 [main] WARN  [UserDetailsServiceAutoConfiguration:84] - 

Using generated security password: 4f92bd95-76d2-4e73-93f9-f15bf6bb96b4

This generated password is for development use only. Your security configuration must be updated before running your application in production.

24-01-02 17:41:41.249 [main] INFO  [DefaultSecurityFilterChain:54] - Will secure any request with [org.springframework.security.web.session.DisableEncodeUrlFilter@40c06358, org.springframework.security.web.context.request.async.WebAsyncManagerIntegrationFilter@66e21568, org.springframework.security.web.context.SecurityContextHolderFilter@721d5b74, org.springframework.security.web.header.HeaderWriterFilter@4bb1b96b, org.springframework.web.filter.CorsFilter@7f73ce28, org.springframework.security.web.csrf.CsrfFilter@6ad179b4, org.springframework.security.web.authentication.logout.LogoutFilter@319642db, org.springframework.security.web.authentication.UsernamePasswordAuthenticationFilter@2c0c4c0a, org.springframework.security.web.savedrequest.RequestCacheAwareFilter@41bfa9e9, org.springframework.security.web.servletapi.SecurityContextHolderAwareRequestFilter@68b7d0ef, org.springframework.security.web.authentication.AnonymousAuthenticationFilter@611b35d6, org.springframework.security.web.access.ExceptionTranslationFilter@7a2fce12, org.springframework.security.web.access.intercept.AuthorizationFilter@445821a6]
24-01-02 17:41:41.466 [main] INFO  [Http11NioProtocol:173] - Starting ProtocolHandler ["http-nio-8080"]
24-01-02 17:41:41.496 [main] INFO  [TomcatWebServer:241] - Tomcat started on port 8080 (http) with context path ''
24-01-02 17:41:41.505 [main] INFO  [User2Application:56] - Started User2Application in 1.943 seconds (process running for 2.189)
24-01-02 17:41:43.915 [http-nio-8080-exec-1] INFO  [[/]:173] - Initializing Spring DispatcherServlet 'dispatcherServlet'
24-01-02 17:41:43.915 [http-nio-8080-exec-1] INFO  [DispatcherServlet:532] - Initializing Servlet 'dispatcherServlet'
24-01-02 17:41:43.916 [http-nio-8080-exec-1] INFO  [DispatcherServlet:554] - Completed initialization in 0 ms
24-01-02 17:42:32.502 [main] INFO  [User2Application:50] - Starting User2Application using Java 17.0.9 with PID 33656 (C:\user2\build\classes\java\main started by ghkim in C:\user2)
24-01-02 17:42:32.504 [main] INFO  [User2Application:662] - No active profile set, falling back to 1 default profile: "default"
24-01-02 17:42:32.958 [main] WARN  [ClassPathMapperScanner:44] - No MyBatis mapper was found in '[com.gyuha.user2]' package. Please check your configuration.
24-01-02 17:42:33.267 [main] INFO  [TomcatWebServer:109] - Tomcat initialized with port 8080 (http)
24-01-02 17:42:33.274 [main] INFO  [Http11NioProtocol:173] - Initializing ProtocolHandler ["http-nio-8080"]
24-01-02 17:42:33.276 [main] INFO  [StandardService:173] - Starting service [Tomcat]
24-01-02 17:42:33.276 [main] INFO  [StandardEngine:173] - Starting Servlet engine: [Apache Tomcat/10.1.17]
24-01-02 17:42:33.419 [main] INFO  [TldScanner:173] - At least one JAR was scanned for TLDs yet contained no TLDs. Enable debug logging for this logger for a complete list of JARs that were scanned but no TLDs were found in them. Skipping unneeded JARs during scanning can improve startup time and JSP compilation time.
24-01-02 17:42:33.424 [main] INFO  [[/]:173] - Initializing Spring embedded WebApplicationContext
24-01-02 17:42:33.425 [main] INFO  [ServletWebServerApplicationContext:296] - Root WebApplicationContext: initialization completed in 893 ms
24-01-02 17:42:33.493 [main] WARN  [UserDetailsServiceAutoConfiguration:84] - 

Using generated security password: ccc9d9ea-9075-474b-b776-a407f7626ce6

This generated password is for development use only. Your security configuration must be updated before running your application in production.

24-01-02 17:42:33.656 [main] INFO  [DefaultSecurityFilterChain:54] - Will secure any request with [org.springframework.security.web.session.DisableEncodeUrlFilter@40c06358, org.springframework.security.web.context.request.async.WebAsyncManagerIntegrationFilter@66e21568, org.springframework.security.web.context.SecurityContextHolderFilter@721d5b74, org.springframework.security.web.header.HeaderWriterFilter@4bb1b96b, org.springframework.web.filter.CorsFilter@7f73ce28, org.springframework.security.web.csrf.CsrfFilter@6ad179b4, org.springframework.security.web.authentication.logout.LogoutFilter@319642db, org.springframework.security.web.authentication.UsernamePasswordAuthenticationFilter@2c0c4c0a, org.springframework.security.web.savedrequest.RequestCacheAwareFilter@41bfa9e9, org.springframework.security.web.servletapi.SecurityContextHolderAwareRequestFilter@68b7d0ef, org.springframework.security.web.authentication.AnonymousAuthenticationFilter@611b35d6, org.springframework.security.web.access.ExceptionTranslationFilter@7a2fce12, org.springframework.security.web.access.intercept.AuthorizationFilter@445821a6]
24-01-02 17:42:33.830 [main] INFO  [Http11NioProtocol:173] - Starting ProtocolHandler ["http-nio-8080"]
24-01-02 17:42:33.852 [main] INFO  [TomcatWebServer:241] - Tomcat started on port 8080 (http) with context path ''
24-01-02 17:42:33.859 [main] INFO  [User2Application:56] - Started User2Application in 1.714 seconds (process running for 1.956)
24-01-02 17:42:37.059 [http-nio-8080-exec-1] INFO  [[/]:173] - Initializing Spring DispatcherServlet 'dispatcherServlet'
24-01-02 17:42:37.059 [http-nio-8080-exec-1] INFO  [DispatcherServlet:532] - Initializing Servlet 'dispatcherServlet'
24-01-02 17:42:37.060 [http-nio-8080-exec-1] INFO  [DispatcherServlet:554] - Completed initialization in 0 ms
24-01-02 17:43:56.957 [main] INFO  [User2Application:50] - Starting User2Application using Java 17.0.9 with PID 35756 (C:\user2\build\classes\java\main started by ghkim in C:\user2)
24-01-02 17:43:56.960 [main] INFO  [User2Application:662] - No active profile set, falling back to 1 default profile: "default"
24-01-02 17:43:57.442 [main] WARN  [ClassPathMapperScanner:44] - No MyBatis mapper was found in '[com.gyuha.user2]' package. Please check your configuration.
24-01-02 17:43:57.743 [main] INFO  [TomcatWebServer:109] - Tomcat initialized with port 8080 (http)
24-01-02 17:43:57.751 [main] INFO  [Http11NioProtocol:173] - Initializing ProtocolHandler ["http-nio-8080"]
24-01-02 17:43:57.753 [main] INFO  [StandardService:173] - Starting service [Tomcat]
24-01-02 17:43:57.753 [main] INFO  [StandardEngine:173] - Starting Servlet engine: [Apache Tomcat/10.1.17]
24-01-02 17:43:57.892 [main] INFO  [TldScanner:173] - At least one JAR was scanned for TLDs yet contained no TLDs. Enable debug logging for this logger for a complete list of JARs that were scanned but no TLDs were found in them. Skipping unneeded JARs during scanning can improve startup time and JSP compilation time.
24-01-02 17:43:57.899 [main] INFO  [[/]:173] - Initializing Spring embedded WebApplicationContext
24-01-02 17:43:57.899 [main] INFO  [ServletWebServerApplicationContext:296] - Root WebApplicationContext: initialization completed in 907 ms
24-01-02 17:43:57.963 [main] WARN  [UserDetailsServiceAutoConfiguration:84] - 

Using generated security password: b7efd8b1-5c2f-4f51-8dc2-e60d7c20fa46

This generated password is for development use only. Your security configuration must be updated before running your application in production.

24-01-02 17:43:58.126 [main] INFO  [DefaultSecurityFilterChain:54] - Will secure any request with [org.springframework.security.web.session.DisableEncodeUrlFilter@ee21292, org.springframework.security.web.context.request.async.WebAsyncManagerIntegrationFilter@40c06358, org.springframework.security.web.context.SecurityContextHolderFilter@1f66d8e1, org.springframework.security.web.header.HeaderWriterFilter@66e17eff, org.springframework.web.filter.CorsFilter@66e21568, org.springframework.security.web.csrf.CsrfFilter@7f42e06e, org.springframework.security.web.authentication.logout.LogoutFilter@6367a688, org.springframework.security.web.authentication.UsernamePasswordAuthenticationFilter@445821a6, org.springframework.security.web.savedrequest.RequestCacheAwareFilter@3421debd, org.springframework.security.web.servletapi.SecurityContextHolderAwareRequestFilter@41bfa9e9, org.springframework.security.web.authentication.AnonymousAuthenticationFilter@7f73ce28, org.springframework.security.web.access.ExceptionTranslationFilter@2dafae61, org.springframework.security.web.access.intercept.AuthorizationFilter@1af4955e]
24-01-02 17:43:58.313 [main] INFO  [Http11NioProtocol:173] - Starting ProtocolHandler ["http-nio-8080"]
24-01-02 17:43:58.336 [main] INFO  [TomcatWebServer:241] - Tomcat started on port 8080 (http) with context path ''
24-01-02 17:43:58.342 [main] INFO  [User2Application:56] - Started User2Application in 1.744 seconds (process running for 2.036)
24-01-02 17:44:10.115 [http-nio-8080-exec-3] INFO  [[/]:173] - Initializing Spring DispatcherServlet 'dispatcherServlet'
24-01-02 17:44:10.116 [http-nio-8080-exec-3] INFO  [DispatcherServlet:532] - Initializing Servlet 'dispatcherServlet'
24-01-02 17:44:10.116 [http-nio-8080-exec-3] INFO  [DispatcherServlet:554] - Completed initialization in 0 ms
24-01-02 17:45:03.285 [main] INFO  [User2Application:50] - Starting User2Application using Java 17.0.9 with PID 10072 (C:\user2\build\classes\java\main started by ghkim in C:\user2)
24-01-02 17:45:03.288 [main] INFO  [User2Application:662] - No active profile set, falling back to 1 default profile: "default"
24-01-02 17:45:03.733 [main] WARN  [ClassPathMapperScanner:44] - No MyBatis mapper was found in '[com.gyuha.user2]' package. Please check your configuration.
24-01-02 17:45:04.030 [main] INFO  [TomcatWebServer:109] - Tomcat initialized with port 8080 (http)
24-01-02 17:45:04.037 [main] INFO  [Http11NioProtocol:173] - Initializing ProtocolHandler ["http-nio-8080"]
24-01-02 17:45:04.039 [main] INFO  [StandardService:173] - Starting service [Tomcat]
24-01-02 17:45:04.039 [main] INFO  [StandardEngine:173] - Starting Servlet engine: [Apache Tomcat/10.1.17]
24-01-02 17:45:04.180 [main] INFO  [TldScanner:173] - At least one JAR was scanned for TLDs yet contained no TLDs. Enable debug logging for this logger for a complete list of JARs that were scanned but no TLDs were found in them. Skipping unneeded JARs during scanning can improve startup time and JSP compilation time.
24-01-02 17:45:04.186 [main] INFO  [[/]:173] - Initializing Spring embedded WebApplicationContext
24-01-02 17:45:04.186 [main] INFO  [ServletWebServerApplicationContext:296] - Root WebApplicationContext: initialization completed in 867 ms
24-01-02 17:45:04.251 [main] WARN  [UserDetailsServiceAutoConfiguration:84] - 

Using generated security password: 973b2188-8e27-4005-b0d7-890c1b28c157

This generated password is for development use only. Your security configuration must be updated before running your application in production.

24-01-02 17:45:04.411 [main] INFO  [DefaultSecurityFilterChain:54] - Will secure any request with [org.springframework.security.web.session.DisableEncodeUrlFilter@7f73ce28, org.springframework.security.web.context.request.async.WebAsyncManagerIntegrationFilter@611b35d6, org.springframework.security.web.context.SecurityContextHolderFilter@41bfa9e9, org.springframework.security.web.header.HeaderWriterFilter@1f66d8e1, org.springframework.web.filter.CorsFilter@2282400e, org.springframework.security.web.csrf.CsrfFilter@59c500f7, org.springframework.security.web.authentication.logout.LogoutFilter@35bfa1bb, org.springframework.security.web.authentication.UsernamePasswordAuthenticationFilter@bb25753, org.springframework.security.web.savedrequest.RequestCacheAwareFilter@7069f076, org.springframework.security.web.servletapi.SecurityContextHolderAwareRequestFilter@4a070cf0, org.springframework.security.web.authentication.AnonymousAuthenticationFilter@543d5863, org.springframework.security.web.access.ExceptionTranslationFilter@4bb1b96b, org.springframework.security.web.access.intercept.AuthorizationFilter@35d26ad2]
24-01-02 17:45:04.587 [main] INFO  [Http11NioProtocol:173] - Starting ProtocolHandler ["http-nio-8080"]
24-01-02 17:45:04.609 [main] INFO  [TomcatWebServer:241] - Tomcat started on port 8080 (http) with context path ''
24-01-02 17:45:04.615 [main] INFO  [User2Application:56] - Started User2Application in 1.676 seconds (process running for 1.912)
24-01-02 17:45:08.664 [http-nio-8080-exec-1] INFO  [[/]:173] - Initializing Spring DispatcherServlet 'dispatcherServlet'
24-01-02 17:45:08.664 [http-nio-8080-exec-1] INFO  [DispatcherServlet:532] - Initializing Servlet 'dispatcherServlet'
24-01-02 17:45:08.665 [http-nio-8080-exec-1] INFO  [DispatcherServlet:554] - Completed initialization in 1 ms
24-01-02 17:56:37.433 [main] INFO  [User2Application:50] - Starting User2Application using Java 17.0.9 with PID 35096 (C:\user2\build\classes\java\main started by ghkim in C:\user2)
24-01-02 17:56:37.436 [main] INFO  [User2Application:662] - No active profile set, falling back to 1 default profile: "default"
24-01-02 17:56:37.876 [main] WARN  [ClassPathMapperScanner:44] - No MyBatis mapper was found in '[com.gyuha.user2]' package. Please check your configuration.
24-01-02 17:56:38.173 [main] INFO  [TomcatWebServer:109] - Tomcat initialized with port 8080 (http)
24-01-02 17:56:38.180 [main] INFO  [Http11NioProtocol:173] - Initializing ProtocolHandler ["http-nio-8080"]
24-01-02 17:56:38.182 [main] INFO  [StandardService:173] - Starting service [Tomcat]
24-01-02 17:56:38.182 [main] INFO  [StandardEngine:173] - Starting Servlet engine: [Apache Tomcat/10.1.17]
24-01-02 17:56:38.324 [main] INFO  [TldScanner:173] - At least one JAR was scanned for TLDs yet contained no TLDs. Enable debug logging for this logger for a complete list of JARs that were scanned but no TLDs were found in them. Skipping unneeded JARs during scanning can improve startup time and JSP compilation time.
24-01-02 17:56:38.330 [main] INFO  [[/]:173] - Initializing Spring embedded WebApplicationContext
24-01-02 17:56:38.330 [main] INFO  [ServletWebServerApplicationContext:296] - Root WebApplicationContext: initialization completed in 867 ms
24-01-02 17:56:38.393 [main] WARN  [UserDetailsServiceAutoConfiguration:84] - 

Using generated security password: 305b64ad-8ec5-44fb-83bf-f25587b7ed72

This generated password is for development use only. Your security configuration must be updated before running your application in production.

24-01-02 17:56:38.552 [main] INFO  [DefaultSecurityFilterChain:54] - Will secure any request with [org.springframework.security.web.session.DisableEncodeUrlFilter@2282400e, org.springframework.security.web.context.request.async.WebAsyncManagerIntegrationFilter@543d5863, org.springframework.security.web.context.SecurityContextHolderFilter@7069f076, org.springframework.security.web.header.HeaderWriterFilter@3421debd, org.springframework.web.filter.CorsFilter@35dece42, org.springframework.security.web.csrf.CsrfFilter@50110971, org.springframework.security.web.authentication.logout.LogoutFilter@68b11545, org.springframework.security.web.authentication.UsernamePasswordAuthenticationFilter@40c06358, org.springframework.security.web.savedrequest.RequestCacheAwareFilter@764b14b8, org.springframework.security.web.servletapi.SecurityContextHolderAwareRequestFilter@202d9236, org.springframework.security.web.authentication.AnonymousAuthenticationFilter@dd3f8aa, org.springframework.security.web.access.ExceptionTranslationFilter@1f66d8e1, org.springframework.security.web.access.intercept.AuthorizationFilter@ee21292]
24-01-02 17:56:38.724 [main] INFO  [Http11NioProtocol:173] - Starting ProtocolHandler ["http-nio-8080"]
24-01-02 17:56:38.746 [main] INFO  [TomcatWebServer:241] - Tomcat started on port 8080 (http) with context path ''
24-01-02 17:56:38.753 [main] INFO  [User2Application:56] - Started User2Application in 1.674 seconds (process running for 1.914)
24-01-02 17:56:42.985 [http-nio-8080-exec-1] INFO  [[/]:173] - Initializing Spring DispatcherServlet 'dispatcherServlet'
24-01-02 17:56:42.985 [http-nio-8080-exec-1] INFO  [DispatcherServlet:532] - Initializing Servlet 'dispatcherServlet'
24-01-02 17:56:42.986 [http-nio-8080-exec-1] INFO  [DispatcherServlet:554] - Completed initialization in 1 ms
24-01-02 17:57:45.783 [main] INFO  [User2Application:50] - Starting User2Application using Java 17.0.9 with PID 11172 (C:\user2\build\classes\java\main started by ghkim in C:\user2)
24-01-02 17:57:45.786 [main] INFO  [User2Application:662] - No active profile set, falling back to 1 default profile: "default"
24-01-02 17:57:46.237 [main] WARN  [ClassPathMapperScanner:44] - No MyBatis mapper was found in '[com.gyuha.user2]' package. Please check your configuration.
24-01-02 17:57:46.542 [main] INFO  [TomcatWebServer:109] - Tomcat initialized with port 8080 (http)
24-01-02 17:57:46.549 [main] INFO  [Http11NioProtocol:173] - Initializing ProtocolHandler ["http-nio-8080"]
24-01-02 17:57:46.550 [main] INFO  [StandardService:173] - Starting service [Tomcat]
24-01-02 17:57:46.551 [main] INFO  [StandardEngine:173] - Starting Servlet engine: [Apache Tomcat/10.1.17]
24-01-02 17:57:46.687 [main] INFO  [TldScanner:173] - At least one JAR was scanned for TLDs yet contained no TLDs. Enable debug logging for this logger for a complete list of JARs that were scanned but no TLDs were found in them. Skipping unneeded JARs during scanning can improve startup time and JSP compilation time.
24-01-02 17:57:46.692 [main] INFO  [[/]:173] - Initializing Spring embedded WebApplicationContext
24-01-02 17:57:46.693 [main] INFO  [ServletWebServerApplicationContext:296] - Root WebApplicationContext: initialization completed in 877 ms
24-01-02 17:57:46.753 [main] WARN  [UserDetailsServiceAutoConfiguration:84] - 

Using generated security password: f530c76c-29a3-4470-9ba5-4197b10d746a

This generated password is for development use only. Your security configuration must be updated before running your application in production.

24-01-02 17:57:46.934 [main] INFO  [DefaultSecurityFilterChain:54] - Will secure any request with [org.springframework.security.web.session.DisableEncodeUrlFilter@7f73ce28, org.springframework.security.web.context.request.async.WebAsyncManagerIntegrationFilter@611b35d6, org.springframework.security.web.context.SecurityContextHolderFilter@41bfa9e9, org.springframework.security.web.header.HeaderWriterFilter@1f66d8e1, org.springframework.web.filter.CorsFilter@2282400e, org.springframework.security.web.csrf.CsrfFilter@59c500f7, org.springframework.security.web.authentication.logout.LogoutFilter@35bfa1bb, org.springframework.security.web.authentication.UsernamePasswordAuthenticationFilter@bb25753, org.springframework.security.web.savedrequest.RequestCacheAwareFilter@7069f076, org.springframework.security.web.servletapi.SecurityContextHolderAwareRequestFilter@4a070cf0, org.springframework.security.web.authentication.AnonymousAuthenticationFilter@543d5863, org.springframework.security.web.access.ExceptionTranslationFilter@4bb1b96b, org.springframework.security.web.access.intercept.AuthorizationFilter@35d26ad2]
24-01-02 17:57:47.111 [main] INFO  [Http11NioProtocol:173] - Starting ProtocolHandler ["http-nio-8080"]
24-01-02 17:57:47.133 [main] INFO  [TomcatWebServer:241] - Tomcat started on port 8080 (http) with context path ''
24-01-02 17:57:47.140 [main] INFO  [User2Application:56] - Started User2Application in 1.715 seconds (process running for 1.952)
24-01-02 17:57:52.150 [http-nio-8080-exec-1] INFO  [[/]:173] - Initializing Spring DispatcherServlet 'dispatcherServlet'
24-01-02 17:57:52.150 [http-nio-8080-exec-1] INFO  [DispatcherServlet:532] - Initializing Servlet 'dispatcherServlet'
24-01-02 17:57:52.151 [http-nio-8080-exec-1] INFO  [DispatcherServlet:554] - Completed initialization in 1 ms
24-01-02 17:58:00.839 [main] INFO  [User2Application:50] - Starting User2Application using Java 17.0.9 with PID 35544 (C:\user2\build\classes\java\main started by ghkim in C:\user2)
24-01-02 17:58:00.841 [main] INFO  [User2Application:662] - No active profile set, falling back to 1 default profile: "default"
24-01-02 17:58:01.301 [main] WARN  [ClassPathMapperScanner:44] - No MyBatis mapper was found in '[com.gyuha.user2]' package. Please check your configuration.
24-01-02 17:58:01.602 [main] INFO  [TomcatWebServer:109] - Tomcat initialized with port 8080 (http)
24-01-02 17:58:01.609 [main] INFO  [Http11NioProtocol:173] - Initializing ProtocolHandler ["http-nio-8080"]
24-01-02 17:58:01.611 [main] INFO  [StandardService:173] - Starting service [Tomcat]
24-01-02 17:58:01.611 [main] INFO  [StandardEngine:173] - Starting Servlet engine: [Apache Tomcat/10.1.17]
24-01-02 17:58:01.750 [main] INFO  [TldScanner:173] - At least one JAR was scanned for TLDs yet contained no TLDs. Enable debug logging for this logger for a complete list of JARs that were scanned but no TLDs were found in them. Skipping unneeded JARs during scanning can improve startup time and JSP compilation time.
24-01-02 17:58:01.755 [main] INFO  [[/]:173] - Initializing Spring embedded WebApplicationContext
24-01-02 17:58:01.755 [main] INFO  [ServletWebServerApplicationContext:296] - Root WebApplicationContext: initialization completed in 885 ms
24-01-02 17:58:01.821 [main] WARN  [UserDetailsServiceAutoConfiguration:84] - 

Using generated security password: 4e59ba7e-18f9-4edb-8064-9f6495342482

This generated password is for development use only. Your security configuration must be updated before running your application in production.

24-01-02 17:58:01.986 [main] INFO  [DefaultSecurityFilterChain:54] - Will secure any request with [org.springframework.security.web.session.DisableEncodeUrlFilter@611b35d6, org.springframework.security.web.context.request.async.WebAsyncManagerIntegrationFilter@2282400e, org.springframework.security.web.context.SecurityContextHolderFilter@68b7d0ef, org.springframework.security.web.header.HeaderWriterFilter@721d5b74, org.springframework.web.filter.CorsFilter@543d5863, org.springframework.security.web.csrf.CsrfFilter@316cda31, org.springframework.security.web.authentication.logout.LogoutFilter@6b321262, org.springframework.security.web.authentication.UsernamePasswordAuthenticationFilter@ee21292, org.springframework.security.web.savedrequest.RequestCacheAwareFilter@4a070cf0, org.springframework.security.web.servletapi.SecurityContextHolderAwareRequestFilter@764b14b8, org.springframework.security.web.authentication.AnonymousAuthenticationFilter@35dece42, org.springframework.security.web.access.ExceptionTranslationFilter@1bbddada, org.springframework.security.web.access.intercept.AuthorizationFilter@bb25753]
24-01-02 17:58:02.179 [main] INFO  [Http11NioProtocol:173] - Starting ProtocolHandler ["http-nio-8080"]
24-01-02 17:58:02.201 [main] INFO  [TomcatWebServer:241] - Tomcat started on port 8080 (http) with context path ''
24-01-02 17:58:02.208 [main] INFO  [User2Application:56] - Started User2Application in 1.73 seconds (process running for 1.962)
24-01-02 17:58:02.404 [http-nio-8080-exec-1] INFO  [[/]:173] - Initializing Spring DispatcherServlet 'dispatcherServlet'
24-01-02 17:58:02.405 [http-nio-8080-exec-1] INFO  [DispatcherServlet:532] - Initializing Servlet 'dispatcherServlet'
24-01-02 17:58:02.405 [http-nio-8080-exec-1] INFO  [DispatcherServlet:554] - Completed initialization in 0 ms
24-01-02 17:59:29.982 [main] INFO  [User2Application:50] - Starting User2Application using Java 17.0.9 with PID 20104 (C:\user2\build\classes\java\main started by ghkim in C:\user2)
24-01-02 17:59:29.987 [main] INFO  [User2Application:662] - No active profile set, falling back to 1 default profile: "default"
24-01-02 17:59:30.446 [main] WARN  [ClassPathMapperScanner:44] - No MyBatis mapper was found in '[com.gyuha.user2]' package. Please check your configuration.
24-01-02 17:59:30.760 [main] INFO  [TomcatWebServer:109] - Tomcat initialized with port 8080 (http)
24-01-02 17:59:30.768 [main] INFO  [Http11NioProtocol:173] - Initializing ProtocolHandler ["http-nio-8080"]
24-01-02 17:59:30.770 [main] INFO  [StandardService:173] - Starting service [Tomcat]
24-01-02 17:59:30.770 [main] INFO  [StandardEngine:173] - Starting Servlet engine: [Apache Tomcat/10.1.17]
24-01-02 17:59:30.916 [main] INFO  [TldScanner:173] - At least one JAR was scanned for TLDs yet contained no TLDs. Enable debug logging for this logger for a complete list of JARs that were scanned but no TLDs were found in them. Skipping unneeded JARs during scanning can improve startup time and JSP compilation time.
24-01-02 17:59:30.922 [main] INFO  [[/]:173] - Initializing Spring embedded WebApplicationContext
24-01-02 17:59:30.922 [main] INFO  [ServletWebServerApplicationContext:296] - Root WebApplicationContext: initialization completed in 906 ms
24-01-02 17:59:30.991 [main] WARN  [UserDetailsServiceAutoConfiguration:84] - 

Using generated security password: 3877fc4a-03c4-4f0a-9e8a-3ceabda7ef54

This generated password is for development use only. Your security configuration must be updated before running your application in production.

24-01-02 17:59:31.158 [main] INFO  [DefaultSecurityFilterChain:54] - Will secure any request with [org.springframework.security.web.session.DisableEncodeUrlFilter@309dcdf3, org.springframework.security.web.context.request.async.WebAsyncManagerIntegrationFilter@7573b9ee, org.springframework.security.web.context.SecurityContextHolderFilter@73c48264, org.springframework.security.web.header.HeaderWriterFilter@315c081, org.springframework.web.filter.CorsFilter@9a20cbd, org.springframework.security.web.csrf.CsrfFilter@40ed1802, org.springframework.security.web.authentication.logout.LogoutFilter@7ecda95b, org.springframework.security.web.authentication.UsernamePasswordAuthenticationFilter@357bc488, org.springframework.security.web.savedrequest.RequestCacheAwareFilter@5bcec67e, org.springframework.security.web.servletapi.SecurityContextHolderAwareRequestFilter@2dafae61, org.springframework.security.web.authentication.AnonymousAuthenticationFilter@1af4955e, org.springframework.security.web.access.ExceptionTranslationFilter@6909f6be, org.springframework.security.web.access.intercept.AuthorizationFilter@7d0100ea]
24-01-02 17:59:31.340 [main] INFO  [Http11NioProtocol:173] - Starting ProtocolHandler ["http-nio-8080"]
24-01-02 17:59:31.362 [main] INFO  [TomcatWebServer:241] - Tomcat started on port 8080 (http) with context path ''
24-01-02 17:59:31.370 [main] INFO  [User2Application:56] - Started User2Application in 1.762 seconds (process running for 2.021)
24-01-02 17:59:33.268 [http-nio-8080-exec-1] INFO  [[/]:173] - Initializing Spring DispatcherServlet 'dispatcherServlet'
24-01-02 17:59:33.268 [http-nio-8080-exec-1] INFO  [DispatcherServlet:532] - Initializing Servlet 'dispatcherServlet'
24-01-02 17:59:33.269 [http-nio-8080-exec-1] INFO  [DispatcherServlet:554] - Completed initialization in 0 ms
