24-01-04 13:31:43.264 [main] INFO  [User2Application:50] - Starting User2Application using Java 17.0.9 with PID 32892 (C:\user2\build\classes\java\main started by ghkim in C:\user2)
24-01-04 13:31:43.271 [main] INFO  [User2Application:662] - No active profile set, falling back to 1 default profile: "default"
24-01-04 13:31:44.060 [main] INFO  [TomcatWebServer:109] - Tomcat initialized with port 8080 (http)
24-01-04 13:31:44.067 [main] INFO  [Http11NioProtocol:173] - Initializing ProtocolHandler ["http-nio-8080"]
24-01-04 13:31:44.069 [main] INFO  [StandardService:173] - Starting service [Tomcat]
24-01-04 13:31:44.069 [main] INFO  [StandardEngine:173] - Starting Servlet engine: [Apache Tomcat/10.1.17]
24-01-04 13:31:44.207 [main] INFO  [TldScanner:173] - At least one JAR was scanned for TLDs yet contained no TLDs. Enable debug logging for this logger for a complete list of JARs that were scanned but no TLDs were found in them. Skipping unneeded JARs during scanning can improve startup time and JSP compilation time.
24-01-04 13:31:44.215 [main] INFO  [[/]:173] - Initializing Spring embedded WebApplicationContext
24-01-04 13:31:44.216 [main] INFO  [ServletWebServerApplicationContext:296] - Root WebApplicationContext: initialization completed in 912 ms
24-01-04 13:31:44.583 [main] INFO  [DefaultSecurityFilterChain:54] - Will secure any request with [org.springframework.security.web.session.DisableEncodeUrlFilter@585513a8, org.springframework.security.web.context.request.async.WebAsyncManagerIntegrationFilter@7b18658a, org.springframework.security.web.context.SecurityContextHolderFilter@1511d157, org.springframework.security.web.header.HeaderWriterFilter@3e4d40ea, org.springframework.web.filter.CorsFilter@30f28b5, org.springframework.security.web.authentication.logout.LogoutFilter@1e6060f1, org.springframework.security.web.authentication.UsernamePasswordAuthenticationFilter@59c43561, org.springframework.security.web.savedrequest.RequestCacheAwareFilter@3d3c886f, org.springframework.security.web.servletapi.SecurityContextHolderAwareRequestFilter@7d66e544, org.springframework.security.web.authentication.AnonymousAuthenticationFilter@1a1f79ce, org.springframework.security.web.access.ExceptionTranslationFilter@1e76afeb, org.springframework.security.web.access.intercept.AuthorizationFilter@19b75b2b]
24-01-04 13:31:44.690 [main] INFO  [Http11NioProtocol:173] - Starting ProtocolHandler ["http-nio-8080"]
24-01-04 13:31:44.712 [main] INFO  [TomcatWebServer:241] - Tomcat started on port 8080 (http) with context path ''
24-01-04 13:31:44.719 [main] INFO  [User2Application:56] - Started User2Application in 1.85 seconds (process running for 2.097)
24-01-04 13:32:42.049 [main] INFO  [User2Application:50] - Starting User2Application using Java 17.0.9 with PID 34892 (C:\user2\build\classes\java\main started by ghkim in C:\user2)
24-01-04 13:32:42.055 [main] INFO  [User2Application:662] - No active profile set, falling back to 1 default profile: "default"
24-01-04 13:32:42.882 [main] INFO  [TomcatWebServer:109] - Tomcat initialized with port 8080 (http)
24-01-04 13:32:42.889 [main] INFO  [Http11NioProtocol:173] - Initializing ProtocolHandler ["http-nio-8080"]
24-01-04 13:32:42.891 [main] INFO  [StandardService:173] - Starting service [Tomcat]
24-01-04 13:32:42.891 [main] INFO  [StandardEngine:173] - Starting Servlet engine: [Apache Tomcat/10.1.17]
24-01-04 13:32:43.033 [main] INFO  [TldScanner:173] - At least one JAR was scanned for TLDs yet contained no TLDs. Enable debug logging for this logger for a complete list of JARs that were scanned but no TLDs were found in them. Skipping unneeded JARs during scanning can improve startup time and JSP compilation time.
24-01-04 13:32:43.039 [main] INFO  [[/]:173] - Initializing Spring embedded WebApplicationContext
24-01-04 13:32:43.040 [main] INFO  [ServletWebServerApplicationContext:296] - Root WebApplicationContext: initialization completed in 954 ms
24-01-04 13:32:43.411 [main] INFO  [DefaultSecurityFilterChain:54] - Will secure any request with [org.springframework.security.web.session.DisableEncodeUrlFilter@585513a8, org.springframework.security.web.context.request.async.WebAsyncManagerIntegrationFilter@7b18658a, org.springframework.security.web.context.SecurityContextHolderFilter@1511d157, org.springframework.security.web.header.HeaderWriterFilter@3e4d40ea, org.springframework.web.filter.CorsFilter@30f28b5, org.springframework.security.web.authentication.logout.LogoutFilter@1e6060f1, org.springframework.security.web.authentication.UsernamePasswordAuthenticationFilter@59c43561, org.springframework.security.web.savedrequest.RequestCacheAwareFilter@3d3c886f, org.springframework.security.web.servletapi.SecurityContextHolderAwareRequestFilter@7d66e544, org.springframework.security.web.authentication.AnonymousAuthenticationFilter@1a1f79ce, org.springframework.security.web.access.ExceptionTranslationFilter@1e76afeb, org.springframework.security.web.access.intercept.AuthorizationFilter@19b75b2b]
24-01-04 13:32:43.522 [main] INFO  [Http11NioProtocol:173] - Starting ProtocolHandler ["http-nio-8080"]
24-01-04 13:32:43.544 [main] INFO  [TomcatWebServer:241] - Tomcat started on port 8080 (http) with context path ''
24-01-04 13:32:43.551 [main] INFO  [User2Application:56] - Started User2Application in 1.866 seconds (process running for 2.112)
24-01-04 13:32:43.625 [http-nio-8080-exec-1] INFO  [[/]:173] - Initializing Spring DispatcherServlet 'dispatcherServlet'
24-01-04 13:32:43.625 [http-nio-8080-exec-1] INFO  [DispatcherServlet:532] - Initializing Servlet 'dispatcherServlet'
24-01-04 13:32:43.626 [http-nio-8080-exec-1] INFO  [DispatcherServlet:554] - Completed initialization in 1 ms
24-01-04 13:32:50.491 [http-nio-8080-exec-3] INFO  [HikariDataSource:110] - HikariPool-1 - Starting...
24-01-04 13:32:50.571 [http-nio-8080-exec-3] INFO  [HikariPool:565] - HikariPool-1 - Added connection org.mariadb.jdbc.Connection@34622c6d
24-01-04 13:32:50.573 [http-nio-8080-exec-3] INFO  [HikariDataSource:123] - HikariPool-1 - Start completed.
24-01-04 13:33:37.300 [main] INFO  [User2Application:50] - Starting User2Application using Java 17.0.9 with PID 38500 (C:\user2\build\classes\java\main started by ghkim in C:\user2)
24-01-04 13:33:37.306 [main] INFO  [User2Application:662] - No active profile set, falling back to 1 default profile: "default"
24-01-04 13:33:38.141 [main] INFO  [TomcatWebServer:109] - Tomcat initialized with port 8080 (http)
24-01-04 13:33:38.149 [main] INFO  [Http11NioProtocol:173] - Initializing ProtocolHandler ["http-nio-8080"]
24-01-04 13:33:38.150 [main] INFO  [StandardService:173] - Starting service [Tomcat]
24-01-04 13:33:38.151 [main] INFO  [StandardEngine:173] - Starting Servlet engine: [Apache Tomcat/10.1.17]
24-01-04 13:33:38.295 [main] INFO  [TldScanner:173] - At least one JAR was scanned for TLDs yet contained no TLDs. Enable debug logging for this logger for a complete list of JARs that were scanned but no TLDs were found in them. Skipping unneeded JARs during scanning can improve startup time and JSP compilation time.
24-01-04 13:33:38.301 [main] INFO  [[/]:173] - Initializing Spring embedded WebApplicationContext
24-01-04 13:33:38.301 [main] INFO  [ServletWebServerApplicationContext:296] - Root WebApplicationContext: initialization completed in 965 ms
24-01-04 13:33:38.677 [main] INFO  [DefaultSecurityFilterChain:54] - Will secure any request with [org.springframework.security.web.session.DisableEncodeUrlFilter@52a7928a, org.springframework.security.web.context.request.async.WebAsyncManagerIntegrationFilter@563ccd31, org.springframework.security.web.context.SecurityContextHolderFilter@4a62062a, org.springframework.security.web.header.HeaderWriterFilter@3a11c0eb, org.springframework.web.filter.CorsFilter@72465eb2, org.springframework.security.web.authentication.logout.LogoutFilter@191a0351, org.springframework.security.web.authentication.UsernamePasswordAuthenticationFilter@36224f93, org.springframework.security.web.savedrequest.RequestCacheAwareFilter@53dd42d6, org.springframework.security.web.servletapi.SecurityContextHolderAwareRequestFilter@1e76afeb, org.springframework.security.web.authentication.AnonymousAuthenticationFilter@478fb7dc, org.springframework.security.web.access.ExceptionTranslationFilter@7f3c0399, org.springframework.security.web.access.intercept.AuthorizationFilter@570a62a5]
24-01-04 13:33:38.787 [main] INFO  [Http11NioProtocol:173] - Starting ProtocolHandler ["http-nio-8080"]
24-01-04 13:33:38.810 [main] INFO  [TomcatWebServer:241] - Tomcat started on port 8080 (http) with context path ''
24-01-04 13:33:38.817 [main] INFO  [User2Application:56] - Started User2Application in 1.915 seconds (process running for 2.16)
24-01-04 13:33:39.864 [http-nio-8080-exec-1] INFO  [[/]:173] - Initializing Spring DispatcherServlet 'dispatcherServlet'
24-01-04 13:33:39.864 [http-nio-8080-exec-1] INFO  [DispatcherServlet:532] - Initializing Servlet 'dispatcherServlet'
24-01-04 13:33:39.865 [http-nio-8080-exec-1] INFO  [DispatcherServlet:554] - Completed initialization in 1 ms
24-01-04 13:33:46.912 [http-nio-8080-exec-3] INFO  [HikariDataSource:110] - HikariPool-1 - Starting...
24-01-04 13:33:46.992 [http-nio-8080-exec-3] INFO  [HikariPool:565] - HikariPool-1 - Added connection org.mariadb.jdbc.Connection@34622c6d
24-01-04 13:33:46.994 [http-nio-8080-exec-3] INFO  [HikariDataSource:123] - HikariPool-1 - Start completed.
24-01-04 13:35:58.869 [main] INFO  [User2Application:50] - Starting User2Application using Java 17.0.9 with PID 36256 (C:\user2\build\classes\java\main started by ghkim in C:\user2)
24-01-04 13:35:58.871 [main] INFO  [User2Application:662] - No active profile set, falling back to 1 default profile: "default"
24-01-04 13:35:59.707 [main] INFO  [TomcatWebServer:109] - Tomcat initialized with port 8080 (http)
24-01-04 13:35:59.714 [main] INFO  [Http11NioProtocol:173] - Initializing ProtocolHandler ["http-nio-8080"]
24-01-04 13:35:59.716 [main] INFO  [StandardService:173] - Starting service [Tomcat]
24-01-04 13:35:59.716 [main] INFO  [StandardEngine:173] - Starting Servlet engine: [Apache Tomcat/10.1.17]
24-01-04 13:35:59.861 [main] INFO  [TldScanner:173] - At least one JAR was scanned for TLDs yet contained no TLDs. Enable debug logging for this logger for a complete list of JARs that were scanned but no TLDs were found in them. Skipping unneeded JARs during scanning can improve startup time and JSP compilation time.
24-01-04 13:35:59.867 [main] INFO  [[/]:173] - Initializing Spring embedded WebApplicationContext
24-01-04 13:35:59.867 [main] INFO  [ServletWebServerApplicationContext:296] - Root WebApplicationContext: initialization completed in 959 ms
24-01-04 13:36:00.235 [main] INFO  [DefaultSecurityFilterChain:54] - Will secure any request with [org.springframework.security.web.session.DisableEncodeUrlFilter@1a2ac487, org.springframework.security.web.context.request.async.WebAsyncManagerIntegrationFilter@570a62a5, org.springframework.security.web.context.SecurityContextHolderFilter@183fc2fa, org.springframework.security.web.header.HeaderWriterFilter@24a0c58b, org.springframework.web.filter.CorsFilter@36224f93, org.springframework.security.web.authentication.logout.LogoutFilter@5a4d4f9c, org.springframework.security.web.authentication.UsernamePasswordAuthenticationFilter@2478b629, org.springframework.security.web.savedrequest.RequestCacheAwareFilter@3313d477, org.springframework.security.web.servletapi.SecurityContextHolderAwareRequestFilter@2c2c3947, org.springframework.security.web.authentication.AnonymousAuthenticationFilter@1ee5632d, org.springframework.security.web.access.ExceptionTranslationFilter@e62319f, org.springframework.security.web.access.intercept.AuthorizationFilter@2c6c302f]
24-01-04 13:36:00.355 [main] INFO  [Http11NioProtocol:173] - Starting ProtocolHandler ["http-nio-8080"]
24-01-04 13:36:00.377 [main] INFO  [TomcatWebServer:241] - Tomcat started on port 8080 (http) with context path ''
24-01-04 13:36:00.383 [main] INFO  [User2Application:56] - Started User2Application in 1.915 seconds (process running for 2.166)
24-01-04 13:36:09.455 [http-nio-8080-exec-1] INFO  [[/]:173] - Initializing Spring DispatcherServlet 'dispatcherServlet'
24-01-04 13:36:09.455 [http-nio-8080-exec-1] INFO  [DispatcherServlet:532] - Initializing Servlet 'dispatcherServlet'
24-01-04 13:36:09.456 [http-nio-8080-exec-1] INFO  [DispatcherServlet:554] - Completed initialization in 1 ms
24-01-04 13:36:16.791 [http-nio-8080-exec-3] INFO  [HikariDataSource:110] - HikariPool-1 - Starting...
24-01-04 13:36:16.863 [http-nio-8080-exec-3] INFO  [HikariPool:565] - HikariPool-1 - Added connection org.mariadb.jdbc.Connection@58ef1daf
24-01-04 13:36:16.864 [http-nio-8080-exec-3] INFO  [HikariDataSource:123] - HikariPool-1 - Start completed.
24-01-04 13:37:54.414 [main] INFO  [User2Application:50] - Starting User2Application using Java 17.0.9 with PID 37692 (C:\user2\build\classes\java\main started by ghkim in C:\user2)
24-01-04 13:37:54.420 [main] INFO  [User2Application:662] - No active profile set, falling back to 1 default profile: "default"
24-01-04 13:37:55.261 [main] INFO  [TomcatWebServer:109] - Tomcat initialized with port 8080 (http)
24-01-04 13:37:55.269 [main] INFO  [Http11NioProtocol:173] - Initializing ProtocolHandler ["http-nio-8080"]
24-01-04 13:37:55.271 [main] INFO  [StandardService:173] - Starting service [Tomcat]
24-01-04 13:37:55.271 [main] INFO  [StandardEngine:173] - Starting Servlet engine: [Apache Tomcat/10.1.17]
24-01-04 13:37:55.415 [main] INFO  [TldScanner:173] - At least one JAR was scanned for TLDs yet contained no TLDs. Enable debug logging for this logger for a complete list of JARs that were scanned but no TLDs were found in them. Skipping unneeded JARs during scanning can improve startup time and JSP compilation time.
24-01-04 13:37:55.421 [main] INFO  [[/]:173] - Initializing Spring embedded WebApplicationContext
24-01-04 13:37:55.422 [main] INFO  [ServletWebServerApplicationContext:296] - Root WebApplicationContext: initialization completed in 972 ms
24-01-04 13:37:55.799 [main] INFO  [DefaultSecurityFilterChain:54] - Will secure any request with [org.springframework.security.web.session.DisableEncodeUrlFilter@19b75b2b, org.springframework.security.web.context.request.async.WebAsyncManagerIntegrationFilter@59c43561, org.springframework.security.web.context.SecurityContextHolderFilter@3e4d40ea, org.springframework.security.web.header.HeaderWriterFilter@53dd42d6, org.springframework.web.filter.CorsFilter@634f58d2, org.springframework.security.web.authentication.logout.LogoutFilter@1e40fbb3, org.springframework.security.web.authentication.UsernamePasswordAuthenticationFilter@478fb7dc, org.springframework.security.web.savedrequest.RequestCacheAwareFilter@2c9d90fc, org.springframework.security.web.servletapi.SecurityContextHolderAwareRequestFilter@1511d157, org.springframework.security.web.authentication.AnonymousAuthenticationFilter@585513a8, org.springframework.security.web.access.ExceptionTranslationFilter@4a62062a, org.springframework.security.web.access.intercept.AuthorizationFilter@72465eb2]
24-01-04 13:37:55.908 [main] INFO  [Http11NioProtocol:173] - Starting ProtocolHandler ["http-nio-8080"]
24-01-04 13:37:55.930 [main] INFO  [TomcatWebServer:241] - Tomcat started on port 8080 (http) with context path ''
24-01-04 13:37:55.937 [main] INFO  [User2Application:56] - Started User2Application in 1.923 seconds (process running for 2.187)
24-01-04 13:37:57.868 [http-nio-8080-exec-1] INFO  [[/]:173] - Initializing Spring DispatcherServlet 'dispatcherServlet'
24-01-04 13:37:57.869 [http-nio-8080-exec-1] INFO  [DispatcherServlet:532] - Initializing Servlet 'dispatcherServlet'
24-01-04 13:37:57.870 [http-nio-8080-exec-1] INFO  [DispatcherServlet:554] - Completed initialization in 1 ms
24-01-04 13:38:04.832 [http-nio-8080-exec-3] INFO  [HikariDataSource:110] - HikariPool-1 - Starting...
24-01-04 13:38:04.905 [http-nio-8080-exec-3] INFO  [HikariPool:565] - HikariPool-1 - Added connection org.mariadb.jdbc.Connection@7b8afe3b
24-01-04 13:38:04.906 [http-nio-8080-exec-3] INFO  [HikariDataSource:123] - HikariPool-1 - Start completed.
24-01-04 13:40:15.899 [main] INFO  [User2Application:50] - Starting User2Application using Java 17.0.9 with PID 8616 (C:\user2\build\classes\java\main started by ghkim in C:\user2)
24-01-04 13:40:15.901 [main] INFO  [User2Application:662] - No active profile set, falling back to 1 default profile: "default"
24-01-04 13:40:16.726 [main] INFO  [TomcatWebServer:109] - Tomcat initialized with port 8080 (http)
24-01-04 13:40:16.734 [main] INFO  [Http11NioProtocol:173] - Initializing ProtocolHandler ["http-nio-8080"]
24-01-04 13:40:16.737 [main] INFO  [StandardService:173] - Starting service [Tomcat]
24-01-04 13:40:16.737 [main] INFO  [StandardEngine:173] - Starting Servlet engine: [Apache Tomcat/10.1.17]
24-01-04 13:40:16.885 [main] INFO  [TldScanner:173] - At least one JAR was scanned for TLDs yet contained no TLDs. Enable debug logging for this logger for a complete list of JARs that were scanned but no TLDs were found in them. Skipping unneeded JARs during scanning can improve startup time and JSP compilation time.
24-01-04 13:40:16.891 [main] INFO  [[/]:173] - Initializing Spring embedded WebApplicationContext
24-01-04 13:40:16.891 [main] INFO  [ServletWebServerApplicationContext:296] - Root WebApplicationContext: initialization completed in 958 ms
24-01-04 13:40:17.276 [main] INFO  [DefaultSecurityFilterChain:54] - Will secure any request with [org.springframework.security.web.session.DisableEncodeUrlFilter@72465eb2, org.springframework.security.web.context.request.async.WebAsyncManagerIntegrationFilter@478fb7dc, org.springframework.security.web.context.SecurityContextHolderFilter@53dd42d6, org.springframework.security.web.header.HeaderWriterFilter@2c2c3947, org.springframework.web.filter.CorsFilter@29d25e65, org.springframework.security.web.authentication.logout.LogoutFilter@51ba952e, org.springframework.security.web.authentication.UsernamePasswordAuthenticationFilter@52a7928a, org.springframework.security.web.savedrequest.RequestCacheAwareFilter@447fa959, org.springframework.security.web.servletapi.SecurityContextHolderAwareRequestFilter@3e4d40ea, org.springframework.security.web.authentication.AnonymousAuthenticationFilter@19b75b2b, org.springframework.security.web.access.ExceptionTranslationFilter@3a11c0eb, org.springframework.security.web.access.intercept.AuthorizationFilter@1ee5632d]
24-01-04 13:40:17.388 [main] INFO  [Http11NioProtocol:173] - Starting ProtocolHandler ["http-nio-8080"]
24-01-04 13:40:17.410 [main] INFO  [TomcatWebServer:241] - Tomcat started on port 8080 (http) with context path ''
24-01-04 13:40:17.417 [main] INFO  [User2Application:56] - Started User2Application in 1.907 seconds (process running for 2.173)
24-01-04 13:40:20.385 [http-nio-8080-exec-1] INFO  [[/]:173] - Initializing Spring DispatcherServlet 'dispatcherServlet'
24-01-04 13:40:20.385 [http-nio-8080-exec-1] INFO  [DispatcherServlet:532] - Initializing Servlet 'dispatcherServlet'
24-01-04 13:40:20.386 [http-nio-8080-exec-1] INFO  [DispatcherServlet:554] - Completed initialization in 0 ms
24-01-04 13:40:27.606 [http-nio-8080-exec-3] INFO  [HikariDataSource:110] - HikariPool-1 - Starting...
24-01-04 13:40:27.682 [http-nio-8080-exec-3] INFO  [HikariPool:565] - HikariPool-1 - Added connection org.mariadb.jdbc.Connection@58ef1daf
24-01-04 13:40:27.684 [http-nio-8080-exec-3] INFO  [HikariDataSource:123] - HikariPool-1 - Start completed.
24-01-04 13:42:00.174 [main] INFO  [User2Application:50] - Starting User2Application using Java 17.0.9 with PID 20644 (C:\user2\build\classes\java\main started by ghkim in C:\user2)
24-01-04 13:42:00.182 [main] INFO  [User2Application:662] - No active profile set, falling back to 1 default profile: "default"
24-01-04 13:42:01.034 [main] INFO  [TomcatWebServer:109] - Tomcat initialized with port 8080 (http)
24-01-04 13:42:01.041 [main] INFO  [Http11NioProtocol:173] - Initializing ProtocolHandler ["http-nio-8080"]
24-01-04 13:42:01.043 [main] INFO  [StandardService:173] - Starting service [Tomcat]
24-01-04 13:42:01.043 [main] INFO  [StandardEngine:173] - Starting Servlet engine: [Apache Tomcat/10.1.17]
24-01-04 13:42:01.192 [main] INFO  [TldScanner:173] - At least one JAR was scanned for TLDs yet contained no TLDs. Enable debug logging for this logger for a complete list of JARs that were scanned but no TLDs were found in them. Skipping unneeded JARs during scanning can improve startup time and JSP compilation time.
24-01-04 13:42:01.198 [main] INFO  [[/]:173] - Initializing Spring embedded WebApplicationContext
24-01-04 13:42:01.199 [main] INFO  [ServletWebServerApplicationContext:296] - Root WebApplicationContext: initialization completed in 979 ms
24-01-04 13:42:01.573 [main] INFO  [DefaultSecurityFilterChain:54] - Will secure any request with [org.springframework.security.web.session.DisableEncodeUrlFilter@585513a8, org.springframework.security.web.context.request.async.WebAsyncManagerIntegrationFilter@7b18658a, org.springframework.security.web.context.SecurityContextHolderFilter@1511d157, org.springframework.security.web.header.HeaderWriterFilter@3e4d40ea, org.springframework.web.filter.CorsFilter@30f28b5, org.springframework.security.web.authentication.logout.LogoutFilter@1e6060f1, org.springframework.security.web.authentication.UsernamePasswordAuthenticationFilter@59c43561, org.springframework.security.web.savedrequest.RequestCacheAwareFilter@3d3c886f, org.springframework.security.web.servletapi.SecurityContextHolderAwareRequestFilter@7d66e544, org.springframework.security.web.authentication.AnonymousAuthenticationFilter@1a1f79ce, org.springframework.security.web.access.ExceptionTranslationFilter@1e76afeb, org.springframework.security.web.access.intercept.AuthorizationFilter@19b75b2b]
24-01-04 13:42:01.687 [main] INFO  [Http11NioProtocol:173] - Starting ProtocolHandler ["http-nio-8080"]
24-01-04 13:42:01.716 [main] INFO  [TomcatWebServer:241] - Tomcat started on port 8080 (http) with context path ''
24-01-04 13:42:01.725 [main] INFO  [User2Application:56] - Started User2Application in 1.945 seconds (process running for 2.212)
24-01-04 13:42:03.343 [http-nio-8080-exec-1] INFO  [[/]:173] - Initializing Spring DispatcherServlet 'dispatcherServlet'
24-01-04 13:42:03.344 [http-nio-8080-exec-1] INFO  [DispatcherServlet:532] - Initializing Servlet 'dispatcherServlet'
24-01-04 13:42:03.344 [http-nio-8080-exec-1] INFO  [DispatcherServlet:554] - Completed initialization in 0 ms
24-01-04 13:42:15.319 [http-nio-8080-exec-2] INFO  [HikariDataSource:110] - HikariPool-1 - Starting...
24-01-04 13:42:15.398 [http-nio-8080-exec-2] INFO  [HikariPool:565] - HikariPool-1 - Added connection org.mariadb.jdbc.Connection@34622c6d
24-01-04 13:42:15.400 [http-nio-8080-exec-2] INFO  [HikariDataSource:123] - HikariPool-1 - Start completed.
24-01-04 13:43:13.762 [main] INFO  [User2Application:50] - Starting User2Application using Java 17.0.9 with PID 26432 (C:\user2\build\classes\java\main started by ghkim in C:\user2)
24-01-04 13:43:13.764 [main] INFO  [User2Application:662] - No active profile set, falling back to 1 default profile: "default"
24-01-04 13:43:14.592 [main] INFO  [TomcatWebServer:109] - Tomcat initialized with port 8080 (http)
24-01-04 13:43:14.599 [main] INFO  [Http11NioProtocol:173] - Initializing ProtocolHandler ["http-nio-8080"]
24-01-04 13:43:14.602 [main] INFO  [StandardService:173] - Starting service [Tomcat]
24-01-04 13:43:14.602 [main] INFO  [StandardEngine:173] - Starting Servlet engine: [Apache Tomcat/10.1.17]
24-01-04 13:43:14.747 [main] INFO  [TldScanner:173] - At least one JAR was scanned for TLDs yet contained no TLDs. Enable debug logging for this logger for a complete list of JARs that were scanned but no TLDs were found in them. Skipping unneeded JARs during scanning can improve startup time and JSP compilation time.
24-01-04 13:43:14.753 [main] INFO  [[/]:173] - Initializing Spring embedded WebApplicationContext
24-01-04 13:43:14.753 [main] INFO  [ServletWebServerApplicationContext:296] - Root WebApplicationContext: initialization completed in 958 ms
24-01-04 13:43:15.121 [main] INFO  [DefaultSecurityFilterChain:54] - Will secure any request with [org.springframework.security.web.session.DisableEncodeUrlFilter@634f58d2, org.springframework.security.web.context.request.async.WebAsyncManagerIntegrationFilter@585513a8, org.springframework.security.web.context.SecurityContextHolderFilter@2c9d90fc, org.springframework.security.web.header.HeaderWriterFilter@447fa959, org.springframework.web.filter.CorsFilter@7b18658a, org.springframework.security.web.authentication.logout.LogoutFilter@9e02f84, org.springframework.security.web.authentication.UsernamePasswordAuthenticationFilter@19b75b2b, org.springframework.security.web.savedrequest.RequestCacheAwareFilter@418f890f, org.springframework.security.web.servletapi.SecurityContextHolderAwareRequestFilter@3d3c886f, org.springframework.security.web.authentication.AnonymousAuthenticationFilter@30f28b5, org.springframework.security.web.access.ExceptionTranslationFilter@53dd42d6, org.springframework.security.web.access.intercept.AuthorizationFilter@29d25e65]
24-01-04 13:43:15.229 [main] INFO  [Http11NioProtocol:173] - Starting ProtocolHandler ["http-nio-8080"]
24-01-04 13:43:15.250 [main] INFO  [TomcatWebServer:241] - Tomcat started on port 8080 (http) with context path ''
24-01-04 13:43:15.257 [main] INFO  [User2Application:56] - Started User2Application in 1.892 seconds (process running for 2.152)
24-01-04 13:43:16.265 [http-nio-8080-exec-1] INFO  [[/]:173] - Initializing Spring DispatcherServlet 'dispatcherServlet'
24-01-04 13:43:16.266 [http-nio-8080-exec-1] INFO  [DispatcherServlet:532] - Initializing Servlet 'dispatcherServlet'
24-01-04 13:43:16.266 [http-nio-8080-exec-1] INFO  [DispatcherServlet:554] - Completed initialization in 0 ms
24-01-04 13:43:21.883 [http-nio-8080-exec-3] INFO  [HikariDataSource:110] - HikariPool-1 - Starting...
24-01-04 13:43:21.960 [http-nio-8080-exec-3] INFO  [HikariPool:565] - HikariPool-1 - Added connection org.mariadb.jdbc.Connection@7b8afe3b
24-01-04 13:43:21.962 [http-nio-8080-exec-3] INFO  [HikariDataSource:123] - HikariPool-1 - Start completed.
24-01-04 13:44:53.383 [main] INFO  [User2Application:50] - Starting User2Application using Java 17.0.9 with PID 17524 (C:\user2\build\classes\java\main started by ghkim in C:\user2)
24-01-04 13:44:53.390 [main] INFO  [User2Application:662] - No active profile set, falling back to 1 default profile: "default"
24-01-04 13:44:54.191 [main] INFO  [TomcatWebServer:109] - Tomcat initialized with port 8080 (http)
24-01-04 13:44:54.198 [main] INFO  [Http11NioProtocol:173] - Initializing ProtocolHandler ["http-nio-8080"]
24-01-04 13:44:54.200 [main] INFO  [StandardService:173] - Starting service [Tomcat]
24-01-04 13:44:54.201 [main] INFO  [StandardEngine:173] - Starting Servlet engine: [Apache Tomcat/10.1.17]
24-01-04 13:44:54.341 [main] INFO  [TldScanner:173] - At least one JAR was scanned for TLDs yet contained no TLDs. Enable debug logging for this logger for a complete list of JARs that were scanned but no TLDs were found in them. Skipping unneeded JARs during scanning can improve startup time and JSP compilation time.
24-01-04 13:44:54.347 [main] INFO  [[/]:173] - Initializing Spring embedded WebApplicationContext
24-01-04 13:44:54.347 [main] INFO  [ServletWebServerApplicationContext:296] - Root WebApplicationContext: initialization completed in 921 ms
24-01-04 13:44:54.703 [main] INFO  [DefaultSecurityFilterChain:54] - Will secure any request with [org.springframework.security.web.session.DisableEncodeUrlFilter@7b18658a, org.springframework.security.web.context.request.async.WebAsyncManagerIntegrationFilter@30f28b5, org.springframework.security.web.context.SecurityContextHolderFilter@418f890f, org.springframework.security.web.header.HeaderWriterFilter@73f6e07, org.springframework.web.filter.CorsFilter@1a1f79ce, org.springframework.security.web.authentication.logout.LogoutFilter@7e49ded, org.springframework.security.web.authentication.UsernamePasswordAuthenticationFilter@634f58d2, org.springframework.security.web.savedrequest.RequestCacheAwareFilter@7d66e544, org.springframework.security.web.servletapi.SecurityContextHolderAwareRequestFilter@666618d6, org.springframework.security.web.authentication.AnonymousAuthenticationFilter@6aa7e176, org.springframework.security.web.access.ExceptionTranslationFilter@447fa959, org.springframework.security.web.access.intercept.AuthorizationFilter@59c43561]
24-01-04 13:44:54.807 [main] INFO  [Http11NioProtocol:173] - Starting ProtocolHandler ["http-nio-8080"]
24-01-04 13:44:54.828 [main] INFO  [TomcatWebServer:241] - Tomcat started on port 8080 (http) with context path ''
24-01-04 13:44:54.835 [main] INFO  [User2Application:56] - Started User2Application in 1.837 seconds (process running for 2.091)
24-01-04 13:44:55.414 [http-nio-8080-exec-1] INFO  [[/]:173] - Initializing Spring DispatcherServlet 'dispatcherServlet'
24-01-04 13:44:55.414 [http-nio-8080-exec-1] INFO  [DispatcherServlet:532] - Initializing Servlet 'dispatcherServlet'
24-01-04 13:44:55.415 [http-nio-8080-exec-1] INFO  [DispatcherServlet:554] - Completed initialization in 1 ms
24-01-04 13:44:57.997 [http-nio-8080-exec-3] INFO  [HikariDataSource:110] - HikariPool-1 - Starting...
24-01-04 13:44:58.073 [http-nio-8080-exec-3] INFO  [HikariPool:565] - HikariPool-1 - Added connection org.mariadb.jdbc.Connection@7b8afe3b
24-01-04 13:44:58.075 [http-nio-8080-exec-3] INFO  [HikariDataSource:123] - HikariPool-1 - Start completed.
24-01-04 13:46:37.424 [main] INFO  [User2Application:50] - Starting User2Application using Java 17.0.9 with PID 34548 (C:\user2\build\classes\java\main started by ghkim in C:\user2)
24-01-04 13:46:37.432 [main] INFO  [User2Application:662] - No active profile set, falling back to 1 default profile: "default"
24-01-04 13:46:38.262 [main] INFO  [TomcatWebServer:109] - Tomcat initialized with port 8080 (http)
24-01-04 13:46:38.269 [main] INFO  [Http11NioProtocol:173] - Initializing ProtocolHandler ["http-nio-8080"]
24-01-04 13:46:38.270 [main] INFO  [StandardService:173] - Starting service [Tomcat]
24-01-04 13:46:38.271 [main] INFO  [StandardEngine:173] - Starting Servlet engine: [Apache Tomcat/10.1.17]
24-01-04 13:46:38.419 [main] INFO  [TldScanner:173] - At least one JAR was scanned for TLDs yet contained no TLDs. Enable debug logging for this logger for a complete list of JARs that were scanned but no TLDs were found in them. Skipping unneeded JARs during scanning can improve startup time and JSP compilation time.
24-01-04 13:46:38.425 [main] INFO  [[/]:173] - Initializing Spring embedded WebApplicationContext
24-01-04 13:46:38.426 [main] INFO  [ServletWebServerApplicationContext:296] - Root WebApplicationContext: initialization completed in 957 ms
24-01-04 13:46:38.792 [main] INFO  [DefaultSecurityFilterChain:54] - Will secure any request with [org.springframework.security.web.session.DisableEncodeUrlFilter@634f58d2, org.springframework.security.web.context.request.async.WebAsyncManagerIntegrationFilter@585513a8, org.springframework.security.web.context.SecurityContextHolderFilter@2c9d90fc, org.springframework.security.web.header.HeaderWriterFilter@447fa959, org.springframework.web.filter.CorsFilter@7b18658a, org.springframework.security.web.authentication.logout.LogoutFilter@9e02f84, org.springframework.security.web.authentication.UsernamePasswordAuthenticationFilter@19b75b2b, org.springframework.security.web.savedrequest.RequestCacheAwareFilter@418f890f, org.springframework.security.web.servletapi.SecurityContextHolderAwareRequestFilter@3d3c886f, org.springframework.security.web.authentication.AnonymousAuthenticationFilter@30f28b5, org.springframework.security.web.access.ExceptionTranslationFilter@53dd42d6, org.springframework.security.web.access.intercept.AuthorizationFilter@29d25e65]
24-01-04 13:46:38.900 [main] INFO  [Http11NioProtocol:173] - Starting ProtocolHandler ["http-nio-8080"]
24-01-04 13:46:38.921 [main] INFO  [TomcatWebServer:241] - Tomcat started on port 8080 (http) with context path ''
24-01-04 13:46:38.927 [main] INFO  [User2Application:56] - Started User2Application in 1.907 seconds (process running for 2.156)
24-01-04 13:46:40.111 [http-nio-8080-exec-1] INFO  [[/]:173] - Initializing Spring DispatcherServlet 'dispatcherServlet'
24-01-04 13:46:40.111 [http-nio-8080-exec-1] INFO  [DispatcherServlet:532] - Initializing Servlet 'dispatcherServlet'
24-01-04 13:46:40.112 [http-nio-8080-exec-1] INFO  [DispatcherServlet:554] - Completed initialization in 0 ms
24-01-04 13:46:45.399 [http-nio-8080-exec-3] INFO  [HikariDataSource:110] - HikariPool-1 - Starting...
24-01-04 13:46:45.480 [http-nio-8080-exec-3] INFO  [HikariPool:565] - HikariPool-1 - Added connection org.mariadb.jdbc.Connection@5043e41a
24-01-04 13:46:45.483 [http-nio-8080-exec-3] INFO  [HikariDataSource:123] - HikariPool-1 - Start completed.
24-01-04 13:47:31.762 [main] INFO  [User2Application:50] - Starting User2Application using Java 17.0.9 with PID 34428 (C:\user2\build\classes\java\main started by ghkim in C:\user2)
24-01-04 13:47:31.765 [main] INFO  [User2Application:662] - No active profile set, falling back to 1 default profile: "default"
24-01-04 13:47:32.608 [main] INFO  [TomcatWebServer:109] - Tomcat initialized with port 8080 (http)
24-01-04 13:47:32.615 [main] INFO  [Http11NioProtocol:173] - Initializing ProtocolHandler ["http-nio-8080"]
24-01-04 13:47:32.617 [main] INFO  [StandardService:173] - Starting service [Tomcat]
24-01-04 13:47:32.618 [main] INFO  [StandardEngine:173] - Starting Servlet engine: [Apache Tomcat/10.1.17]
24-01-04 13:47:32.765 [main] INFO  [TldScanner:173] - At least one JAR was scanned for TLDs yet contained no TLDs. Enable debug logging for this logger for a complete list of JARs that were scanned but no TLDs were found in them. Skipping unneeded JARs during scanning can improve startup time and JSP compilation time.
24-01-04 13:47:32.772 [main] INFO  [[/]:173] - Initializing Spring embedded WebApplicationContext
24-01-04 13:47:32.773 [main] INFO  [ServletWebServerApplicationContext:296] - Root WebApplicationContext: initialization completed in 976 ms
24-01-04 13:47:33.155 [main] INFO  [DefaultSecurityFilterChain:54] - Will secure any request with [org.springframework.security.web.session.DisableEncodeUrlFilter@7b18658a, org.springframework.security.web.context.request.async.WebAsyncManagerIntegrationFilter@30f28b5, org.springframework.security.web.context.SecurityContextHolderFilter@418f890f, org.springframework.security.web.header.HeaderWriterFilter@73f6e07, org.springframework.web.filter.CorsFilter@1a1f79ce, org.springframework.security.web.authentication.logout.LogoutFilter@7e49ded, org.springframework.security.web.authentication.UsernamePasswordAuthenticationFilter@634f58d2, org.springframework.security.web.savedrequest.RequestCacheAwareFilter@7d66e544, org.springframework.security.web.servletapi.SecurityContextHolderAwareRequestFilter@666618d6, org.springframework.security.web.authentication.AnonymousAuthenticationFilter@6aa7e176, org.springframework.security.web.access.ExceptionTranslationFilter@447fa959, org.springframework.security.web.access.intercept.AuthorizationFilter@59c43561]
24-01-04 13:47:33.267 [main] INFO  [Http11NioProtocol:173] - Starting ProtocolHandler ["http-nio-8080"]
24-01-04 13:47:33.291 [main] INFO  [TomcatWebServer:241] - Tomcat started on port 8080 (http) with context path ''
24-01-04 13:47:33.300 [main] INFO  [User2Application:56] - Started User2Application in 1.933 seconds (process running for 2.19)
24-01-04 13:47:35.034 [http-nio-8080-exec-1] INFO  [[/]:173] - Initializing Spring DispatcherServlet 'dispatcherServlet'
24-01-04 13:47:35.034 [http-nio-8080-exec-1] INFO  [DispatcherServlet:532] - Initializing Servlet 'dispatcherServlet'
24-01-04 13:47:35.035 [http-nio-8080-exec-1] INFO  [DispatcherServlet:554] - Completed initialization in 1 ms
24-01-04 13:47:42.833 [http-nio-8080-exec-3] INFO  [HikariDataSource:110] - HikariPool-1 - Starting...
24-01-04 13:47:42.915 [http-nio-8080-exec-3] INFO  [HikariPool:565] - HikariPool-1 - Added connection org.mariadb.jdbc.Connection@34622c6d
24-01-04 13:47:42.917 [http-nio-8080-exec-3] INFO  [HikariDataSource:123] - HikariPool-1 - Start completed.
24-01-04 13:48:15.376 [main] INFO  [User2Application:50] - Starting User2Application using Java 17.0.9 with PID 38144 (C:\user2\build\classes\java\main started by ghkim in C:\user2)
24-01-04 13:48:15.382 [main] INFO  [User2Application:662] - No active profile set, falling back to 1 default profile: "default"
24-01-04 13:48:16.240 [main] INFO  [TomcatWebServer:109] - Tomcat initialized with port 8080 (http)
24-01-04 13:48:16.247 [main] INFO  [Http11NioProtocol:173] - Initializing ProtocolHandler ["http-nio-8080"]
24-01-04 13:48:16.249 [main] INFO  [StandardService:173] - Starting service [Tomcat]
24-01-04 13:48:16.249 [main] INFO  [StandardEngine:173] - Starting Servlet engine: [Apache Tomcat/10.1.17]
24-01-04 13:48:16.389 [main] INFO  [TldScanner:173] - At least one JAR was scanned for TLDs yet contained no TLDs. Enable debug logging for this logger for a complete list of JARs that were scanned but no TLDs were found in them. Skipping unneeded JARs during scanning can improve startup time and JSP compilation time.
24-01-04 13:48:16.395 [main] INFO  [[/]:173] - Initializing Spring embedded WebApplicationContext
24-01-04 13:48:16.395 [main] INFO  [ServletWebServerApplicationContext:296] - Root WebApplicationContext: initialization completed in 983 ms
24-01-04 13:48:16.766 [main] INFO  [DefaultSecurityFilterChain:54] - Will secure any request with [org.springframework.security.web.session.DisableEncodeUrlFilter@585513a8, org.springframework.security.web.context.request.async.WebAsyncManagerIntegrationFilter@7b18658a, org.springframework.security.web.context.SecurityContextHolderFilter@1511d157, org.springframework.security.web.header.HeaderWriterFilter@3e4d40ea, org.springframework.web.filter.CorsFilter@30f28b5, org.springframework.security.web.authentication.logout.LogoutFilter@1e6060f1, org.springframework.security.web.authentication.UsernamePasswordAuthenticationFilter@59c43561, org.springframework.security.web.savedrequest.RequestCacheAwareFilter@3d3c886f, org.springframework.security.web.servletapi.SecurityContextHolderAwareRequestFilter@7d66e544, org.springframework.security.web.authentication.AnonymousAuthenticationFilter@1a1f79ce, org.springframework.security.web.access.ExceptionTranslationFilter@1e76afeb, org.springframework.security.web.access.intercept.AuthorizationFilter@19b75b2b]
24-01-04 13:48:16.880 [main] INFO  [Http11NioProtocol:173] - Starting ProtocolHandler ["http-nio-8080"]
24-01-04 13:48:16.904 [main] INFO  [TomcatWebServer:241] - Tomcat started on port 8080 (http) with context path ''
24-01-04 13:48:16.912 [main] INFO  [User2Application:56] - Started User2Application in 1.95 seconds (process running for 2.219)
24-01-04 13:48:17.715 [http-nio-8080-exec-1] INFO  [[/]:173] - Initializing Spring DispatcherServlet 'dispatcherServlet'
24-01-04 13:48:17.715 [http-nio-8080-exec-1] INFO  [DispatcherServlet:532] - Initializing Servlet 'dispatcherServlet'
24-01-04 13:48:17.716 [http-nio-8080-exec-1] INFO  [DispatcherServlet:554] - Completed initialization in 1 ms
24-01-04 13:48:22.460 [http-nio-8080-exec-3] INFO  [HikariDataSource:110] - HikariPool-1 - Starting...
24-01-04 13:48:22.542 [http-nio-8080-exec-3] INFO  [HikariPool:565] - HikariPool-1 - Added connection org.mariadb.jdbc.Connection@34622c6d
24-01-04 13:48:22.544 [http-nio-8080-exec-3] INFO  [HikariDataSource:123] - HikariPool-1 - Start completed.
24-01-04 13:48:57.252 [main] INFO  [User2Application:50] - Starting User2Application using Java 17.0.9 with PID 38572 (C:\user2\build\classes\java\main started by ghkim in C:\user2)
24-01-04 13:48:57.258 [main] INFO  [User2Application:662] - No active profile set, falling back to 1 default profile: "default"
24-01-04 13:48:59.189 [main] INFO  [User2Application:50] - Starting User2Application using Java 17.0.9 with PID 40928 (C:\user2\build\classes\java\main started by ghkim in C:\user2)
24-01-04 13:48:59.191 [main] INFO  [User2Application:662] - No active profile set, falling back to 1 default profile: "default"
24-01-04 13:49:00.031 [main] INFO  [TomcatWebServer:109] - Tomcat initialized with port 8080 (http)
24-01-04 13:49:00.038 [main] INFO  [Http11NioProtocol:173] - Initializing ProtocolHandler ["http-nio-8080"]
24-01-04 13:49:00.040 [main] INFO  [StandardService:173] - Starting service [Tomcat]
24-01-04 13:49:00.040 [main] INFO  [StandardEngine:173] - Starting Servlet engine: [Apache Tomcat/10.1.17]
24-01-04 13:49:00.184 [main] INFO  [TldScanner:173] - At least one JAR was scanned for TLDs yet contained no TLDs. Enable debug logging for this logger for a complete list of JARs that were scanned but no TLDs were found in them. Skipping unneeded JARs during scanning can improve startup time and JSP compilation time.
24-01-04 13:49:00.190 [main] INFO  [[/]:173] - Initializing Spring embedded WebApplicationContext
24-01-04 13:49:00.190 [main] INFO  [ServletWebServerApplicationContext:296] - Root WebApplicationContext: initialization completed in 968 ms
24-01-04 13:49:00.569 [main] INFO  [DefaultSecurityFilterChain:54] - Will secure any request with [org.springframework.security.web.session.DisableEncodeUrlFilter@585513a8, org.springframework.security.web.context.request.async.WebAsyncManagerIntegrationFilter@7b18658a, org.springframework.security.web.context.SecurityContextHolderFilter@1511d157, org.springframework.security.web.header.HeaderWriterFilter@3e4d40ea, org.springframework.web.filter.CorsFilter@30f28b5, org.springframework.security.web.authentication.logout.LogoutFilter@1e6060f1, org.springframework.security.web.authentication.UsernamePasswordAuthenticationFilter@59c43561, org.springframework.security.web.savedrequest.RequestCacheAwareFilter@3d3c886f, org.springframework.security.web.servletapi.SecurityContextHolderAwareRequestFilter@7d66e544, org.springframework.security.web.authentication.AnonymousAuthenticationFilter@1a1f79ce, org.springframework.security.web.access.ExceptionTranslationFilter@1e76afeb, org.springframework.security.web.access.intercept.AuthorizationFilter@19b75b2b]
24-01-04 13:49:00.684 [main] INFO  [Http11NioProtocol:173] - Starting ProtocolHandler ["http-nio-8080"]
24-01-04 13:49:00.706 [main] INFO  [TomcatWebServer:241] - Tomcat started on port 8080 (http) with context path ''
24-01-04 13:49:00.715 [main] INFO  [User2Application:56] - Started User2Application in 1.888 seconds (process running for 2.138)
24-01-04 13:49:00.819 [http-nio-8080-exec-1] INFO  [[/]:173] - Initializing Spring DispatcherServlet 'dispatcherServlet'
24-01-04 13:49:00.819 [http-nio-8080-exec-1] INFO  [DispatcherServlet:532] - Initializing Servlet 'dispatcherServlet'
24-01-04 13:49:00.820 [http-nio-8080-exec-1] INFO  [DispatcherServlet:554] - Completed initialization in 0 ms
24-01-04 13:49:04.240 [http-nio-8080-exec-3] INFO  [HikariDataSource:110] - HikariPool-1 - Starting...
24-01-04 13:49:04.323 [http-nio-8080-exec-3] INFO  [HikariPool:565] - HikariPool-1 - Added connection org.mariadb.jdbc.Connection@7952b3c2
24-01-04 13:49:04.324 [http-nio-8080-exec-3] INFO  [HikariDataSource:123] - HikariPool-1 - Start completed.
24-01-04 13:49:23.481 [main] INFO  [User2Application:50] - Starting User2Application using Java 17.0.9 with PID 32928 (C:\user2\build\classes\java\main started by ghkim in C:\user2)
24-01-04 13:49:23.484 [main] INFO  [User2Application:662] - No active profile set, falling back to 1 default profile: "default"
24-01-04 13:49:24.286 [main] INFO  [TomcatWebServer:109] - Tomcat initialized with port 8080 (http)
24-01-04 13:49:24.294 [main] INFO  [Http11NioProtocol:173] - Initializing ProtocolHandler ["http-nio-8080"]
24-01-04 13:49:24.296 [main] INFO  [StandardService:173] - Starting service [Tomcat]
24-01-04 13:49:24.297 [main] INFO  [StandardEngine:173] - Starting Servlet engine: [Apache Tomcat/10.1.17]
24-01-04 13:49:24.445 [main] INFO  [TldScanner:173] - At least one JAR was scanned for TLDs yet contained no TLDs. Enable debug logging for this logger for a complete list of JARs that were scanned but no TLDs were found in them. Skipping unneeded JARs during scanning can improve startup time and JSP compilation time.
24-01-04 13:49:24.451 [main] INFO  [[/]:173] - Initializing Spring embedded WebApplicationContext
24-01-04 13:49:24.451 [main] INFO  [ServletWebServerApplicationContext:296] - Root WebApplicationContext: initialization completed in 928 ms
24-01-04 13:49:24.840 [main] INFO  [DefaultSecurityFilterChain:54] - Will secure any request with [org.springframework.security.web.session.DisableEncodeUrlFilter@585513a8, org.springframework.security.web.context.request.async.WebAsyncManagerIntegrationFilter@7b18658a, org.springframework.security.web.context.SecurityContextHolderFilter@1511d157, org.springframework.security.web.header.HeaderWriterFilter@3e4d40ea, org.springframework.web.filter.CorsFilter@30f28b5, org.springframework.security.web.authentication.logout.LogoutFilter@1e6060f1, org.springframework.security.web.authentication.UsernamePasswordAuthenticationFilter@59c43561, org.springframework.security.web.savedrequest.RequestCacheAwareFilter@3d3c886f, org.springframework.security.web.servletapi.SecurityContextHolderAwareRequestFilter@7d66e544, org.springframework.security.web.authentication.AnonymousAuthenticationFilter@1a1f79ce, org.springframework.security.web.access.ExceptionTranslationFilter@1e76afeb, org.springframework.security.web.access.intercept.AuthorizationFilter@19b75b2b]
24-01-04 13:49:24.950 [main] INFO  [Http11NioProtocol:173] - Starting ProtocolHandler ["http-nio-8080"]
24-01-04 13:49:24.972 [main] INFO  [TomcatWebServer:241] - Tomcat started on port 8080 (http) with context path ''
24-01-04 13:49:24.978 [main] INFO  [User2Application:56] - Started User2Application in 1.879 seconds (process running for 2.129)
24-01-04 13:49:25.121 [http-nio-8080-exec-1] INFO  [[/]:173] - Initializing Spring DispatcherServlet 'dispatcherServlet'
24-01-04 13:49:25.122 [http-nio-8080-exec-1] INFO  [DispatcherServlet:532] - Initializing Servlet 'dispatcherServlet'
24-01-04 13:49:25.123 [http-nio-8080-exec-1] INFO  [DispatcherServlet:554] - Completed initialization in 1 ms
24-01-04 13:49:28.550 [http-nio-8080-exec-3] INFO  [HikariDataSource:110] - HikariPool-1 - Starting...
24-01-04 13:49:28.628 [http-nio-8080-exec-3] INFO  [HikariPool:565] - HikariPool-1 - Added connection org.mariadb.jdbc.Connection@34622c6d
24-01-04 13:49:28.630 [http-nio-8080-exec-3] INFO  [HikariDataSource:123] - HikariPool-1 - Start completed.
24-01-04 13:49:36.898 [main] INFO  [User2Application:50] - Starting User2Application using Java 17.0.9 with PID 33740 (C:\user2\build\classes\java\main started by ghkim in C:\user2)
24-01-04 13:49:36.901 [main] INFO  [User2Application:662] - No active profile set, falling back to 1 default profile: "default"
24-01-04 13:49:37.705 [main] INFO  [TomcatWebServer:109] - Tomcat initialized with port 8080 (http)
24-01-04 13:49:37.712 [main] INFO  [Http11NioProtocol:173] - Initializing ProtocolHandler ["http-nio-8080"]
24-01-04 13:49:37.714 [main] INFO  [StandardService:173] - Starting service [Tomcat]
24-01-04 13:49:37.714 [main] INFO  [StandardEngine:173] - Starting Servlet engine: [Apache Tomcat/10.1.17]
24-01-04 13:49:37.855 [main] INFO  [TldScanner:173] - At least one JAR was scanned for TLDs yet contained no TLDs. Enable debug logging for this logger for a complete list of JARs that were scanned but no TLDs were found in them. Skipping unneeded JARs during scanning can improve startup time and JSP compilation time.
24-01-04 13:49:37.861 [main] INFO  [[/]:173] - Initializing Spring embedded WebApplicationContext
24-01-04 13:49:37.861 [main] INFO  [ServletWebServerApplicationContext:296] - Root WebApplicationContext: initialization completed in 922 ms
24-01-04 13:49:38.216 [main] INFO  [DefaultSecurityFilterChain:54] - Will secure any request with [org.springframework.security.web.session.DisableEncodeUrlFilter@585513a8, org.springframework.security.web.context.request.async.WebAsyncManagerIntegrationFilter@7b18658a, org.springframework.security.web.context.SecurityContextHolderFilter@1511d157, org.springframework.security.web.header.HeaderWriterFilter@3e4d40ea, org.springframework.web.filter.CorsFilter@30f28b5, org.springframework.security.web.authentication.logout.LogoutFilter@1e6060f1, org.springframework.security.web.authentication.UsernamePasswordAuthenticationFilter@59c43561, org.springframework.security.web.savedrequest.RequestCacheAwareFilter@3d3c886f, org.springframework.security.web.servletapi.SecurityContextHolderAwareRequestFilter@7d66e544, org.springframework.security.web.authentication.AnonymousAuthenticationFilter@1a1f79ce, org.springframework.security.web.access.ExceptionTranslationFilter@1e76afeb, org.springframework.security.web.access.intercept.AuthorizationFilter@19b75b2b]
24-01-04 13:49:38.321 [main] INFO  [Http11NioProtocol:173] - Starting ProtocolHandler ["http-nio-8080"]
24-01-04 13:49:38.343 [main] INFO  [TomcatWebServer:241] - Tomcat started on port 8080 (http) with context path ''
24-01-04 13:49:38.349 [main] INFO  [User2Application:56] - Started User2Application in 1.824 seconds (process running for 2.079)
24-01-04 13:49:39.938 [http-nio-8080-exec-1] INFO  [[/]:173] - Initializing Spring DispatcherServlet 'dispatcherServlet'
24-01-04 13:49:39.938 [http-nio-8080-exec-1] INFO  [DispatcherServlet:532] - Initializing Servlet 'dispatcherServlet'
24-01-04 13:49:39.939 [http-nio-8080-exec-1] INFO  [DispatcherServlet:554] - Completed initialization in 1 ms
24-01-04 13:49:44.256 [http-nio-8080-exec-3] INFO  [HikariDataSource:110] - HikariPool-1 - Starting...
24-01-04 13:49:44.336 [http-nio-8080-exec-3] INFO  [HikariPool:565] - HikariPool-1 - Added connection org.mariadb.jdbc.Connection@5043e41a
24-01-04 13:49:44.338 [http-nio-8080-exec-3] INFO  [HikariDataSource:123] - HikariPool-1 - Start completed.
24-01-04 13:51:05.475 [main] INFO  [User2Application:50] - Starting User2Application using Java 17.0.9 with PID 10956 (C:\user2\build\classes\java\main started by ghkim in C:\user2)
24-01-04 13:51:05.478 [main] INFO  [User2Application:662] - No active profile set, falling back to 1 default profile: "default"
24-01-04 13:51:06.287 [main] INFO  [TomcatWebServer:109] - Tomcat initialized with port 8080 (http)
24-01-04 13:51:06.294 [main] INFO  [Http11NioProtocol:173] - Initializing ProtocolHandler ["http-nio-8080"]
24-01-04 13:51:06.296 [main] INFO  [StandardService:173] - Starting service [Tomcat]
24-01-04 13:51:06.296 [main] INFO  [StandardEngine:173] - Starting Servlet engine: [Apache Tomcat/10.1.17]
24-01-04 13:51:06.445 [main] INFO  [TldScanner:173] - At least one JAR was scanned for TLDs yet contained no TLDs. Enable debug logging for this logger for a complete list of JARs that were scanned but no TLDs were found in them. Skipping unneeded JARs during scanning can improve startup time and JSP compilation time.
24-01-04 13:51:06.451 [main] INFO  [[/]:173] - Initializing Spring embedded WebApplicationContext
24-01-04 13:51:06.452 [main] INFO  [ServletWebServerApplicationContext:296] - Root WebApplicationContext: initialization completed in 943 ms
24-01-04 13:51:06.841 [main] INFO  [DefaultSecurityFilterChain:54] - Will secure any request with [org.springframework.security.web.session.DisableEncodeUrlFilter@7b18658a, org.springframework.security.web.context.request.async.WebAsyncManagerIntegrationFilter@30f28b5, org.springframework.security.web.context.SecurityContextHolderFilter@418f890f, org.springframework.security.web.header.HeaderWriterFilter@73f6e07, org.springframework.web.filter.CorsFilter@1a1f79ce, org.springframework.security.web.authentication.logout.LogoutFilter@7e49ded, org.springframework.security.web.authentication.UsernamePasswordAuthenticationFilter@634f58d2, org.springframework.security.web.savedrequest.RequestCacheAwareFilter@7d66e544, org.springframework.security.web.servletapi.SecurityContextHolderAwareRequestFilter@666618d6, org.springframework.security.web.authentication.AnonymousAuthenticationFilter@6aa7e176, org.springframework.security.web.access.ExceptionTranslationFilter@447fa959, org.springframework.security.web.access.intercept.AuthorizationFilter@59c43561]
24-01-04 13:51:06.949 [main] INFO  [Http11NioProtocol:173] - Starting ProtocolHandler ["http-nio-8080"]
24-01-04 13:51:06.971 [main] INFO  [TomcatWebServer:241] - Tomcat started on port 8080 (http) with context path ''
24-01-04 13:51:06.978 [main] INFO  [User2Application:56] - Started User2Application in 1.894 seconds (process running for 2.135)
24-01-04 13:51:08.111 [http-nio-8080-exec-1] INFO  [[/]:173] - Initializing Spring DispatcherServlet 'dispatcherServlet'
24-01-04 13:51:08.112 [http-nio-8080-exec-1] INFO  [DispatcherServlet:532] - Initializing Servlet 'dispatcherServlet'
24-01-04 13:51:08.113 [http-nio-8080-exec-1] INFO  [DispatcherServlet:554] - Completed initialization in 1 ms
24-01-04 13:51:15.171 [http-nio-8080-exec-3] INFO  [HikariDataSource:110] - HikariPool-1 - Starting...
24-01-04 13:51:15.248 [http-nio-8080-exec-3] INFO  [HikariPool:565] - HikariPool-1 - Added connection org.mariadb.jdbc.Connection@7952b3c2
24-01-04 13:51:15.250 [http-nio-8080-exec-3] INFO  [HikariDataSource:123] - HikariPool-1 - Start completed.
24-01-04 13:55:17.258 [main] INFO  [User2Application:50] - Starting User2Application using Java 17.0.9 with PID 39324 (C:\user2\build\classes\java\main started by ghkim in C:\user2)
24-01-04 13:55:17.264 [main] INFO  [User2Application:662] - No active profile set, falling back to 1 default profile: "default"
24-01-04 13:55:18.113 [main] INFO  [TomcatWebServer:109] - Tomcat initialized with port 8080 (http)
24-01-04 13:55:18.120 [main] INFO  [Http11NioProtocol:173] - Initializing ProtocolHandler ["http-nio-8080"]
24-01-04 13:55:18.121 [main] INFO  [StandardService:173] - Starting service [Tomcat]
24-01-04 13:55:18.122 [main] INFO  [StandardEngine:173] - Starting Servlet engine: [Apache Tomcat/10.1.17]
24-01-04 13:55:18.263 [main] INFO  [TldScanner:173] - At least one JAR was scanned for TLDs yet contained no TLDs. Enable debug logging for this logger for a complete list of JARs that were scanned but no TLDs were found in them. Skipping unneeded JARs during scanning can improve startup time and JSP compilation time.
24-01-04 13:55:18.269 [main] INFO  [[/]:173] - Initializing Spring embedded WebApplicationContext
24-01-04 13:55:18.269 [main] INFO  [ServletWebServerApplicationContext:296] - Root WebApplicationContext: initialization completed in 975 ms
24-01-04 13:55:18.650 [main] INFO  [DefaultSecurityFilterChain:54] - Will secure any request with [org.springframework.security.web.session.DisableEncodeUrlFilter@634f58d2, org.springframework.security.web.context.request.async.WebAsyncManagerIntegrationFilter@585513a8, org.springframework.security.web.context.SecurityContextHolderFilter@2c9d90fc, org.springframework.security.web.header.HeaderWriterFilter@447fa959, org.springframework.web.filter.CorsFilter@7b18658a, org.springframework.security.web.authentication.logout.LogoutFilter@9e02f84, org.springframework.security.web.authentication.UsernamePasswordAuthenticationFilter@19b75b2b, org.springframework.security.web.savedrequest.RequestCacheAwareFilter@418f890f, org.springframework.security.web.servletapi.SecurityContextHolderAwareRequestFilter@3d3c886f, org.springframework.security.web.authentication.AnonymousAuthenticationFilter@30f28b5, org.springframework.security.web.access.ExceptionTranslationFilter@53dd42d6, org.springframework.security.web.access.intercept.AuthorizationFilter@29d25e65]
24-01-04 13:55:18.756 [main] INFO  [Http11NioProtocol:173] - Starting ProtocolHandler ["http-nio-8080"]
24-01-04 13:55:18.778 [main] INFO  [TomcatWebServer:241] - Tomcat started on port 8080 (http) with context path ''
24-01-04 13:55:18.785 [main] INFO  [User2Application:56] - Started User2Application in 1.918 seconds (process running for 2.188)
24-01-04 13:55:21.563 [http-nio-8080-exec-1] INFO  [[/]:173] - Initializing Spring DispatcherServlet 'dispatcherServlet'
24-01-04 13:55:21.564 [http-nio-8080-exec-1] INFO  [DispatcherServlet:532] - Initializing Servlet 'dispatcherServlet'
24-01-04 13:55:21.565 [http-nio-8080-exec-1] INFO  [DispatcherServlet:554] - Completed initialization in 1 ms
24-01-04 13:55:32.008 [http-nio-8080-exec-3] INFO  [HikariDataSource:110] - HikariPool-1 - Starting...
24-01-04 13:55:32.082 [http-nio-8080-exec-3] INFO  [HikariPool:565] - HikariPool-1 - Added connection org.mariadb.jdbc.Connection@5043e41a
24-01-04 13:55:32.084 [http-nio-8080-exec-3] INFO  [HikariDataSource:123] - HikariPool-1 - Start completed.
24-01-04 13:55:51.342 [http-nio-8080-exec-1] INFO  [GlobalErrorController:24] - From GlobalErrorController, 404 Not Found Error 
404
24-01-04 13:55:51.681 [http-nio-8080-exec-3] INFO  [GlobalErrorController:24] - From GlobalErrorController, 404 Not Found Error 
404
24-01-04 13:55:52.287 [http-nio-8080-exec-5] INFO  [GlobalErrorController:24] - From GlobalErrorController, 404 Not Found Error 
404
24-01-04 13:59:18.506 [main] INFO  [User2Application:50] - Starting User2Application using Java 17.0.9 with PID 19272 (C:\user2\build\classes\java\main started by ghkim in C:\user2)
24-01-04 13:59:18.516 [main] INFO  [User2Application:662] - No active profile set, falling back to 1 default profile: "default"
24-01-04 13:59:19.359 [main] INFO  [TomcatWebServer:109] - Tomcat initialized with port 8080 (http)
24-01-04 13:59:19.367 [main] INFO  [Http11NioProtocol:173] - Initializing ProtocolHandler ["http-nio-8080"]
24-01-04 13:59:19.369 [main] INFO  [StandardService:173] - Starting service [Tomcat]
24-01-04 13:59:19.369 [main] INFO  [StandardEngine:173] - Starting Servlet engine: [Apache Tomcat/10.1.17]
24-01-04 13:59:19.516 [main] INFO  [TldScanner:173] - At least one JAR was scanned for TLDs yet contained no TLDs. Enable debug logging for this logger for a complete list of JARs that were scanned but no TLDs were found in them. Skipping unneeded JARs during scanning can improve startup time and JSP compilation time.
24-01-04 13:59:19.522 [main] INFO  [[/]:173] - Initializing Spring embedded WebApplicationContext
24-01-04 13:59:19.522 [main] INFO  [ServletWebServerApplicationContext:296] - Root WebApplicationContext: initialization completed in 965 ms
24-01-04 13:59:19.946 [main] INFO  [DefaultSecurityFilterChain:54] - Will secure any request with [org.springframework.security.web.session.DisableEncodeUrlFilter@585513a8, org.springframework.security.web.context.request.async.WebAsyncManagerIntegrationFilter@7b18658a, org.springframework.security.web.context.SecurityContextHolderFilter@1511d157, org.springframework.security.web.header.HeaderWriterFilter@3e4d40ea, org.springframework.web.filter.CorsFilter@30f28b5, org.springframework.security.web.authentication.logout.LogoutFilter@1e6060f1, org.springframework.security.web.authentication.UsernamePasswordAuthenticationFilter@59c43561, org.springframework.security.web.savedrequest.RequestCacheAwareFilter@3d3c886f, org.springframework.security.web.servletapi.SecurityContextHolderAwareRequestFilter@7d66e544, org.springframework.security.web.authentication.AnonymousAuthenticationFilter@1a1f79ce, org.springframework.security.web.access.ExceptionTranslationFilter@1e76afeb, org.springframework.security.web.access.intercept.AuthorizationFilter@19b75b2b]
24-01-04 13:59:20.078 [main] INFO  [Http11NioProtocol:173] - Starting ProtocolHandler ["http-nio-8080"]
24-01-04 13:59:20.105 [main] INFO  [TomcatWebServer:241] - Tomcat started on port 8080 (http) with context path ''
24-01-04 13:59:20.113 [main] INFO  [User2Application:56] - Started User2Application in 2.0 seconds (process running for 2.251)
24-01-04 13:59:20.791 [http-nio-8080-exec-1] INFO  [[/]:173] - Initializing Spring DispatcherServlet 'dispatcherServlet'
24-01-04 13:59:20.791 [http-nio-8080-exec-1] INFO  [DispatcherServlet:532] - Initializing Servlet 'dispatcherServlet'
24-01-04 13:59:20.792 [http-nio-8080-exec-1] INFO  [DispatcherServlet:554] - Completed initialization in 0 ms
24-01-04 13:59:32.180 [http-nio-8080-exec-3] INFO  [HikariDataSource:110] - HikariPool-1 - Starting...
24-01-04 13:59:32.254 [http-nio-8080-exec-3] INFO  [HikariPool:565] - HikariPool-1 - Added connection org.mariadb.jdbc.Connection@5043e41a
24-01-04 13:59:32.256 [http-nio-8080-exec-3] INFO  [HikariDataSource:123] - HikariPool-1 - Start completed.
24-01-04 14:34:49.280 [main] INFO  [User2Application:50] - Starting User2Application using Java 17.0.9 with PID 31248 (C:\user2\build\classes\java\main started by ghkim in C:\user2)
24-01-04 14:34:49.282 [main] INFO  [User2Application:662] - No active profile set, falling back to 1 default profile: "default"
24-01-04 14:34:50.047 [main] INFO  [TomcatWebServer:109] - Tomcat initialized with port 8080 (http)
24-01-04 14:34:50.053 [main] INFO  [Http11NioProtocol:173] - Initializing ProtocolHandler ["http-nio-8080"]
24-01-04 14:34:50.055 [main] INFO  [StandardService:173] - Starting service [Tomcat]
24-01-04 14:34:50.056 [main] INFO  [StandardEngine:173] - Starting Servlet engine: [Apache Tomcat/10.1.17]
24-01-04 14:34:50.197 [main] INFO  [TldScanner:173] - At least one JAR was scanned for TLDs yet contained no TLDs. Enable debug logging for this logger for a complete list of JARs that were scanned but no TLDs were found in them. Skipping unneeded JARs during scanning can improve startup time and JSP compilation time.
24-01-04 14:34:50.203 [main] INFO  [[/]:173] - Initializing Spring embedded WebApplicationContext
24-01-04 14:34:50.203 [main] INFO  [ServletWebServerApplicationContext:296] - Root WebApplicationContext: initialization completed in 892 ms
24-01-04 14:34:50.558 [main] INFO  [DefaultSecurityFilterChain:54] - Will secure any request with [org.springframework.security.web.session.DisableEncodeUrlFilter@585513a8, org.springframework.security.web.context.request.async.WebAsyncManagerIntegrationFilter@7b18658a, org.springframework.security.web.context.SecurityContextHolderFilter@1511d157, org.springframework.security.web.header.HeaderWriterFilter@3e4d40ea, org.springframework.web.filter.CorsFilter@30f28b5, org.springframework.security.web.authentication.logout.LogoutFilter@1e6060f1, org.springframework.security.web.authentication.UsernamePasswordAuthenticationFilter@59c43561, org.springframework.security.web.savedrequest.RequestCacheAwareFilter@3d3c886f, org.springframework.security.web.servletapi.SecurityContextHolderAwareRequestFilter@7d66e544, org.springframework.security.web.authentication.AnonymousAuthenticationFilter@1a1f79ce, org.springframework.security.web.access.ExceptionTranslationFilter@1e76afeb, org.springframework.security.web.access.intercept.AuthorizationFilter@19b75b2b]
24-01-04 14:34:50.662 [main] INFO  [Http11NioProtocol:173] - Starting ProtocolHandler ["http-nio-8080"]
24-01-04 14:34:50.684 [main] INFO  [TomcatWebServer:241] - Tomcat started on port 8080 (http) with context path ''
24-01-04 14:34:50.691 [main] INFO  [User2Application:56] - Started User2Application in 1.76 seconds (process running for 2.001)
24-01-04 14:34:52.799 [http-nio-8080-exec-1] INFO  [[/]:173] - Initializing Spring DispatcherServlet 'dispatcherServlet'
24-01-04 14:34:52.799 [http-nio-8080-exec-1] INFO  [DispatcherServlet:532] - Initializing Servlet 'dispatcherServlet'
24-01-04 14:34:52.800 [http-nio-8080-exec-1] INFO  [DispatcherServlet:554] - Completed initialization in 1 ms
24-01-04 14:35:00.337 [http-nio-8080-exec-3] INFO  [HikariDataSource:110] - HikariPool-1 - Starting...
24-01-04 14:35:00.430 [http-nio-8080-exec-3] INFO  [HikariPool:565] - HikariPool-1 - Added connection org.mariadb.jdbc.Connection@7450e7a9
24-01-04 14:35:00.433 [http-nio-8080-exec-3] INFO  [HikariDataSource:123] - HikariPool-1 - Start completed.
24-01-04 14:42:30.130 [main] INFO  [User2Application:50] - Starting User2Application using Java 17.0.9 with PID 31960 (C:\user2\build\classes\java\main started by ghkim in C:\user2)
24-01-04 14:42:30.132 [main] INFO  [User2Application:662] - No active profile set, falling back to 1 default profile: "default"
24-01-04 14:42:30.957 [main] INFO  [TomcatWebServer:109] - Tomcat initialized with port 8080 (http)
24-01-04 14:42:30.964 [main] INFO  [Http11NioProtocol:173] - Initializing ProtocolHandler ["http-nio-8080"]
24-01-04 14:42:30.966 [main] INFO  [StandardService:173] - Starting service [Tomcat]
24-01-04 14:42:30.966 [main] INFO  [StandardEngine:173] - Starting Servlet engine: [Apache Tomcat/10.1.17]
24-01-04 14:42:31.109 [main] INFO  [TldScanner:173] - At least one JAR was scanned for TLDs yet contained no TLDs. Enable debug logging for this logger for a complete list of JARs that were scanned but no TLDs were found in them. Skipping unneeded JARs during scanning can improve startup time and JSP compilation time.
24-01-04 14:42:31.115 [main] INFO  [[/]:173] - Initializing Spring embedded WebApplicationContext
24-01-04 14:42:31.115 [main] INFO  [ServletWebServerApplicationContext:296] - Root WebApplicationContext: initialization completed in 947 ms
24-01-04 14:42:31.488 [main] INFO  [DefaultSecurityFilterChain:54] - Will secure any request with [org.springframework.security.web.session.DisableEncodeUrlFilter@30f28b5, org.springframework.security.web.context.request.async.WebAsyncManagerIntegrationFilter@1a1f79ce, org.springframework.security.web.context.SecurityContextHolderFilter@3d3c886f, org.springframework.security.web.header.HeaderWriterFilter@2c9d90fc, org.springframework.web.filter.CorsFilter@6aa7e176, org.springframework.security.web.authentication.logout.LogoutFilter@2c6c302f, org.springframework.security.web.authentication.UsernamePasswordAuthenticationFilter@585513a8, org.springframework.security.web.savedrequest.RequestCacheAwareFilter@666618d6, org.springframework.security.web.servletapi.SecurityContextHolderAwareRequestFilter@5b1c32e4, org.springframework.security.web.authentication.AnonymousAuthenticationFilter@52abed9d, org.springframework.security.web.access.ExceptionTranslationFilter@3e4d40ea, org.springframework.security.web.access.intercept.AuthorizationFilter@634f58d2]
24-01-04 14:42:31.597 [main] INFO  [Http11NioProtocol:173] - Starting ProtocolHandler ["http-nio-8080"]
24-01-04 14:42:31.619 [main] INFO  [TomcatWebServer:241] - Tomcat started on port 8080 (http) with context path ''
24-01-04 14:42:31.626 [main] INFO  [User2Application:56] - Started User2Application in 1.86 seconds (process running for 2.113)
24-01-04 14:42:32.222 [http-nio-8080-exec-1] INFO  [[/]:173] - Initializing Spring DispatcherServlet 'dispatcherServlet'
24-01-04 14:42:32.222 [http-nio-8080-exec-1] INFO  [DispatcherServlet:532] - Initializing Servlet 'dispatcherServlet'
24-01-04 14:42:32.223 [http-nio-8080-exec-1] INFO  [DispatcherServlet:554] - Completed initialization in 1 ms
24-01-04 14:42:38.335 [http-nio-8080-exec-2] INFO  [HikariDataSource:110] - HikariPool-1 - Starting...
24-01-04 14:42:38.412 [http-nio-8080-exec-2] INFO  [HikariPool:565] - HikariPool-1 - Added connection org.mariadb.jdbc.Connection@485f2604
24-01-04 14:42:38.414 [http-nio-8080-exec-2] INFO  [HikariDataSource:123] - HikariPool-1 - Start completed.
24-01-04 14:43:06.014 [main] INFO  [User2Application:50] - Starting User2Application using Java 17.0.9 with PID 37380 (C:\user2\build\classes\java\main started by ghkim in C:\user2)
24-01-04 14:43:06.020 [main] INFO  [User2Application:662] - No active profile set, falling back to 1 default profile: "default"
24-01-04 14:43:06.827 [main] INFO  [TomcatWebServer:109] - Tomcat initialized with port 8080 (http)
24-01-04 14:43:06.834 [main] INFO  [Http11NioProtocol:173] - Initializing ProtocolHandler ["http-nio-8080"]
24-01-04 14:43:06.836 [main] INFO  [StandardService:173] - Starting service [Tomcat]
24-01-04 14:43:06.837 [main] INFO  [StandardEngine:173] - Starting Servlet engine: [Apache Tomcat/10.1.17]
24-01-04 14:43:06.980 [main] INFO  [TldScanner:173] - At least one JAR was scanned for TLDs yet contained no TLDs. Enable debug logging for this logger for a complete list of JARs that were scanned but no TLDs were found in them. Skipping unneeded JARs during scanning can improve startup time and JSP compilation time.
24-01-04 14:43:06.986 [main] INFO  [[/]:173] - Initializing Spring embedded WebApplicationContext
24-01-04 14:43:06.986 [main] INFO  [ServletWebServerApplicationContext:296] - Root WebApplicationContext: initialization completed in 934 ms
24-01-04 14:43:07.346 [main] INFO  [DefaultSecurityFilterChain:54] - Will secure any request with [org.springframework.security.web.session.DisableEncodeUrlFilter@2478b629, org.springframework.security.web.context.request.async.WebAsyncManagerIntegrationFilter@39023dbf, org.springframework.security.web.context.SecurityContextHolderFilter@604d28c6, org.springframework.security.web.header.HeaderWriterFilter@e62319f, org.springframework.web.filter.CorsFilter@1a2ac487, org.springframework.security.web.authentication.logout.LogoutFilter@24fba488, org.springframework.security.web.authentication.UsernamePasswordAuthenticationFilter@7e49ded, org.springframework.security.web.savedrequest.RequestCacheAwareFilter@183fc2fa, org.springframework.security.web.servletapi.SecurityContextHolderAwareRequestFilter@3a11c0eb, org.springframework.security.web.authentication.AnonymousAuthenticationFilter@570a62a5, org.springframework.security.web.access.ExceptionTranslationFilter@14efa279, org.springframework.security.web.access.intercept.AuthorizationFilter@1e6060f1]
24-01-04 14:43:07.451 [main] INFO  [Http11NioProtocol:173] - Starting ProtocolHandler ["http-nio-8080"]
24-01-04 14:43:07.472 [main] INFO  [TomcatWebServer:241] - Tomcat started on port 8080 (http) with context path ''
24-01-04 14:43:07.479 [main] INFO  [User2Application:56] - Started User2Application in 1.853 seconds (process running for 2.11)
24-01-04 14:43:08.157 [http-nio-8080-exec-1] INFO  [[/]:173] - Initializing Spring DispatcherServlet 'dispatcherServlet'
24-01-04 14:43:08.158 [http-nio-8080-exec-1] INFO  [DispatcherServlet:532] - Initializing Servlet 'dispatcherServlet'
24-01-04 14:43:08.159 [http-nio-8080-exec-1] INFO  [DispatcherServlet:554] - Completed initialization in 1 ms
24-01-04 14:43:19.035 [http-nio-8080-exec-4] INFO  [HikariDataSource:110] - HikariPool-1 - Starting...
24-01-04 14:43:19.109 [http-nio-8080-exec-4] INFO  [HikariPool:565] - HikariPool-1 - Added connection org.mariadb.jdbc.Connection@4ce967bb
24-01-04 14:43:19.111 [http-nio-8080-exec-4] INFO  [HikariDataSource:123] - HikariPool-1 - Start completed.
24-01-04 14:45:25.652 [main] INFO  [User2Application:50] - Starting User2Application using Java 17.0.9 with PID 32192 (C:\user2\build\classes\java\main started by ghkim in C:\user2)
24-01-04 14:45:25.655 [main] INFO  [User2Application:662] - No active profile set, falling back to 1 default profile: "default"
24-01-04 14:45:26.494 [main] INFO  [TomcatWebServer:109] - Tomcat initialized with port 8080 (http)
24-01-04 14:45:26.502 [main] INFO  [Http11NioProtocol:173] - Initializing ProtocolHandler ["http-nio-8080"]
24-01-04 14:45:26.503 [main] INFO  [StandardService:173] - Starting service [Tomcat]
24-01-04 14:45:26.504 [main] INFO  [StandardEngine:173] - Starting Servlet engine: [Apache Tomcat/10.1.17]
24-01-04 14:45:26.651 [main] INFO  [TldScanner:173] - At least one JAR was scanned for TLDs yet contained no TLDs. Enable debug logging for this logger for a complete list of JARs that were scanned but no TLDs were found in them. Skipping unneeded JARs during scanning can improve startup time and JSP compilation time.
24-01-04 14:45:26.657 [main] INFO  [[/]:173] - Initializing Spring embedded WebApplicationContext
24-01-04 14:45:26.658 [main] INFO  [ServletWebServerApplicationContext:296] - Root WebApplicationContext: initialization completed in 962 ms
24-01-04 14:45:27.023 [main] INFO  [DefaultSecurityFilterChain:54] - Will secure any request with [org.springframework.security.web.session.DisableEncodeUrlFilter@7b18658a, org.springframework.security.web.context.request.async.WebAsyncManagerIntegrationFilter@30f28b5, org.springframework.security.web.context.SecurityContextHolderFilter@418f890f, org.springframework.security.web.header.HeaderWriterFilter@73f6e07, org.springframework.web.filter.CorsFilter@1a1f79ce, org.springframework.security.web.authentication.logout.LogoutFilter@7e49ded, org.springframework.security.web.authentication.UsernamePasswordAuthenticationFilter@634f58d2, org.springframework.security.web.savedrequest.RequestCacheAwareFilter@7d66e544, org.springframework.security.web.servletapi.SecurityContextHolderAwareRequestFilter@666618d6, org.springframework.security.web.authentication.AnonymousAuthenticationFilter@6aa7e176, org.springframework.security.web.access.ExceptionTranslationFilter@447fa959, org.springframework.security.web.access.intercept.AuthorizationFilter@59c43561]
24-01-04 14:45:27.132 [main] INFO  [Http11NioProtocol:173] - Starting ProtocolHandler ["http-nio-8080"]
24-01-04 14:45:27.154 [main] INFO  [TomcatWebServer:241] - Tomcat started on port 8080 (http) with context path ''
24-01-04 14:45:27.161 [main] INFO  [User2Application:56] - Started User2Application in 1.886 seconds (process running for 2.128)
24-01-04 14:45:30.247 [main] INFO  [User2Application:50] - Starting User2Application using Java 17.0.9 with PID 26452 (C:\user2\build\classes\java\main started by ghkim in C:\user2)
24-01-04 14:45:30.249 [main] INFO  [User2Application:662] - No active profile set, falling back to 1 default profile: "default"
24-01-04 14:45:31.053 [main] INFO  [TomcatWebServer:109] - Tomcat initialized with port 8080 (http)
24-01-04 14:45:31.060 [main] INFO  [Http11NioProtocol:173] - Initializing ProtocolHandler ["http-nio-8080"]
24-01-04 14:45:31.062 [main] INFO  [StandardService:173] - Starting service [Tomcat]
24-01-04 14:45:31.063 [main] INFO  [StandardEngine:173] - Starting Servlet engine: [Apache Tomcat/10.1.17]
24-01-04 14:45:31.206 [main] INFO  [TldScanner:173] - At least one JAR was scanned for TLDs yet contained no TLDs. Enable debug logging for this logger for a complete list of JARs that were scanned but no TLDs were found in them. Skipping unneeded JARs during scanning can improve startup time and JSP compilation time.
24-01-04 14:45:31.212 [main] INFO  [[/]:173] - Initializing Spring embedded WebApplicationContext
24-01-04 14:45:31.212 [main] INFO  [ServletWebServerApplicationContext:296] - Root WebApplicationContext: initialization completed in 933 ms
24-01-04 14:45:31.597 [main] INFO  [DefaultSecurityFilterChain:54] - Will secure any request with [org.springframework.security.web.session.DisableEncodeUrlFilter@7b18658a, org.springframework.security.web.context.request.async.WebAsyncManagerIntegrationFilter@30f28b5, org.springframework.security.web.context.SecurityContextHolderFilter@418f890f, org.springframework.security.web.header.HeaderWriterFilter@73f6e07, org.springframework.web.filter.CorsFilter@1a1f79ce, org.springframework.security.web.authentication.logout.LogoutFilter@7e49ded, org.springframework.security.web.authentication.UsernamePasswordAuthenticationFilter@634f58d2, org.springframework.security.web.savedrequest.RequestCacheAwareFilter@7d66e544, org.springframework.security.web.servletapi.SecurityContextHolderAwareRequestFilter@666618d6, org.springframework.security.web.authentication.AnonymousAuthenticationFilter@6aa7e176, org.springframework.security.web.access.ExceptionTranslationFilter@447fa959, org.springframework.security.web.access.intercept.AuthorizationFilter@59c43561]
24-01-04 14:45:31.707 [main] INFO  [Http11NioProtocol:173] - Starting ProtocolHandler ["http-nio-8080"]
24-01-04 14:45:31.729 [main] INFO  [TomcatWebServer:241] - Tomcat started on port 8080 (http) with context path ''
24-01-04 14:45:31.735 [main] INFO  [User2Application:56] - Started User2Application in 1.847 seconds (process running for 2.104)
24-01-04 14:45:32.675 [http-nio-8080-exec-1] INFO  [[/]:173] - Initializing Spring DispatcherServlet 'dispatcherServlet'
24-01-04 14:45:32.676 [http-nio-8080-exec-1] INFO  [DispatcherServlet:532] - Initializing Servlet 'dispatcherServlet'
24-01-04 14:45:32.677 [http-nio-8080-exec-1] INFO  [DispatcherServlet:554] - Completed initialization in 1 ms
24-01-04 14:45:40.311 [http-nio-8080-exec-3] INFO  [HikariDataSource:110] - HikariPool-1 - Starting...
24-01-04 14:45:40.390 [http-nio-8080-exec-3] INFO  [HikariPool:565] - HikariPool-1 - Added connection org.mariadb.jdbc.Connection@dc6968e
24-01-04 14:45:40.392 [http-nio-8080-exec-3] INFO  [HikariDataSource:123] - HikariPool-1 - Start completed.
24-01-04 14:45:55.711 [main] INFO  [User2Application:50] - Starting User2Application using Java 17.0.9 with PID 17392 (C:\user2\build\classes\java\main started by ghkim in C:\user2)
24-01-04 14:45:55.714 [main] INFO  [User2Application:662] - No active profile set, falling back to 1 default profile: "default"
24-01-04 14:45:56.492 [main] INFO  [TomcatWebServer:109] - Tomcat initialized with port 8080 (http)
24-01-04 14:45:56.500 [main] INFO  [Http11NioProtocol:173] - Initializing ProtocolHandler ["http-nio-8080"]
24-01-04 14:45:56.502 [main] INFO  [StandardService:173] - Starting service [Tomcat]
24-01-04 14:45:56.502 [main] INFO  [StandardEngine:173] - Starting Servlet engine: [Apache Tomcat/10.1.17]
24-01-04 14:45:56.641 [main] INFO  [TldScanner:173] - At least one JAR was scanned for TLDs yet contained no TLDs. Enable debug logging for this logger for a complete list of JARs that were scanned but no TLDs were found in them. Skipping unneeded JARs during scanning can improve startup time and JSP compilation time.
24-01-04 14:45:56.647 [main] INFO  [[/]:173] - Initializing Spring embedded WebApplicationContext
24-01-04 14:45:56.647 [main] INFO  [ServletWebServerApplicationContext:296] - Root WebApplicationContext: initialization completed in 896 ms
24-01-04 14:45:57.004 [main] INFO  [DefaultSecurityFilterChain:54] - Will secure any request with [org.springframework.security.web.session.DisableEncodeUrlFilter@7b18658a, org.springframework.security.web.context.request.async.WebAsyncManagerIntegrationFilter@30f28b5, org.springframework.security.web.context.SecurityContextHolderFilter@418f890f, org.springframework.security.web.header.HeaderWriterFilter@73f6e07, org.springframework.web.filter.CorsFilter@1a1f79ce, org.springframework.security.web.authentication.logout.LogoutFilter@7e49ded, org.springframework.security.web.authentication.UsernamePasswordAuthenticationFilter@634f58d2, org.springframework.security.web.savedrequest.RequestCacheAwareFilter@7d66e544, org.springframework.security.web.servletapi.SecurityContextHolderAwareRequestFilter@666618d6, org.springframework.security.web.authentication.AnonymousAuthenticationFilter@6aa7e176, org.springframework.security.web.access.ExceptionTranslationFilter@447fa959, org.springframework.security.web.access.intercept.AuthorizationFilter@59c43561]
24-01-04 14:45:57.110 [main] INFO  [Http11NioProtocol:173] - Starting ProtocolHandler ["http-nio-8080"]
24-01-04 14:45:57.131 [main] INFO  [TomcatWebServer:241] - Tomcat started on port 8080 (http) with context path ''
24-01-04 14:45:57.138 [main] INFO  [User2Application:56] - Started User2Application in 1.836 seconds (process running for 2.096)
24-01-04 14:45:57.749 [http-nio-8080-exec-1] INFO  [[/]:173] - Initializing Spring DispatcherServlet 'dispatcherServlet'
24-01-04 14:45:57.749 [http-nio-8080-exec-1] INFO  [DispatcherServlet:532] - Initializing Servlet 'dispatcherServlet'
24-01-04 14:45:57.750 [http-nio-8080-exec-1] INFO  [DispatcherServlet:554] - Completed initialization in 1 ms
24-01-04 14:46:00.140 [http-nio-8080-exec-4] INFO  [HikariDataSource:110] - HikariPool-1 - Starting...
24-01-04 14:46:00.220 [http-nio-8080-exec-4] INFO  [HikariPool:565] - HikariPool-1 - Added connection org.mariadb.jdbc.Connection@485f2604
24-01-04 14:46:00.222 [http-nio-8080-exec-4] INFO  [HikariDataSource:123] - HikariPool-1 - Start completed.
24-01-04 14:53:11.568 [main] INFO  [User2Application:50] - Starting User2Application using Java 17.0.9 with PID 39212 (C:\user2\build\classes\java\main started by ghkim in C:\user2)
24-01-04 14:53:11.574 [main] INFO  [User2Application:662] - No active profile set, falling back to 1 default profile: "default"
24-01-04 14:53:12.359 [main] INFO  [TomcatWebServer:109] - Tomcat initialized with port 8080 (http)
24-01-04 14:53:12.366 [main] INFO  [Http11NioProtocol:173] - Initializing ProtocolHandler ["http-nio-8080"]
24-01-04 14:53:12.368 [main] INFO  [StandardService:173] - Starting service [Tomcat]
24-01-04 14:53:12.368 [main] INFO  [StandardEngine:173] - Starting Servlet engine: [Apache Tomcat/10.1.17]
24-01-04 14:53:12.511 [main] INFO  [TldScanner:173] - At least one JAR was scanned for TLDs yet contained no TLDs. Enable debug logging for this logger for a complete list of JARs that were scanned but no TLDs were found in them. Skipping unneeded JARs during scanning can improve startup time and JSP compilation time.
24-01-04 14:53:12.517 [main] INFO  [[/]:173] - Initializing Spring embedded WebApplicationContext
24-01-04 14:53:12.517 [main] INFO  [ServletWebServerApplicationContext:296] - Root WebApplicationContext: initialization completed in 915 ms
24-01-04 14:53:12.904 [main] INFO  [DefaultSecurityFilterChain:54] - Will secure any request with [org.springframework.security.web.session.DisableEncodeUrlFilter@7b18658a, org.springframework.security.web.context.request.async.WebAsyncManagerIntegrationFilter@30f28b5, org.springframework.security.web.context.SecurityContextHolderFilter@418f890f, org.springframework.security.web.header.HeaderWriterFilter@73f6e07, org.springframework.web.filter.CorsFilter@1a1f79ce, org.springframework.security.web.authentication.logout.LogoutFilter@7e49ded, org.springframework.security.web.authentication.UsernamePasswordAuthenticationFilter@634f58d2, org.springframework.security.web.savedrequest.RequestCacheAwareFilter@7d66e544, org.springframework.security.web.servletapi.SecurityContextHolderAwareRequestFilter@666618d6, org.springframework.security.web.authentication.AnonymousAuthenticationFilter@6aa7e176, org.springframework.security.web.access.ExceptionTranslationFilter@447fa959, org.springframework.security.web.access.intercept.AuthorizationFilter@59c43561]
24-01-04 14:53:13.017 [main] INFO  [Http11NioProtocol:173] - Starting ProtocolHandler ["http-nio-8080"]
24-01-04 14:53:13.043 [main] INFO  [TomcatWebServer:241] - Tomcat started on port 8080 (http) with context path ''
24-01-04 14:53:13.051 [main] INFO  [User2Application:56] - Started User2Application in 1.838 seconds (process running for 2.086)
24-01-04 14:53:16.825 [http-nio-8080-exec-1] INFO  [[/]:173] - Initializing Spring DispatcherServlet 'dispatcherServlet'
24-01-04 14:53:16.825 [http-nio-8080-exec-1] INFO  [DispatcherServlet:532] - Initializing Servlet 'dispatcherServlet'
24-01-04 14:53:16.826 [http-nio-8080-exec-1] INFO  [DispatcherServlet:554] - Completed initialization in 1 ms
24-01-04 14:53:26.825 [http-nio-8080-exec-3] INFO  [HikariDataSource:110] - HikariPool-1 - Starting...
24-01-04 14:53:26.900 [http-nio-8080-exec-3] INFO  [HikariPool:565] - HikariPool-1 - Added connection org.mariadb.jdbc.Connection@dc6968e
24-01-04 14:53:26.902 [http-nio-8080-exec-3] INFO  [HikariDataSource:123] - HikariPool-1 - Start completed.
24-01-04 14:53:30.456 [http-nio-8080-exec-6] WARN  [DefaultHandlerExceptionResolver:247] - Resolved [org.springframework.web.HttpRequestMethodNotSupportedException: Request method 'POST' is not supported]
24-01-04 14:53:30.457 [http-nio-8080-exec-6] INFO  [GlobalErrorController:33] - From GlobalErrorController, Unknown Error: 
405
24-01-04 14:54:16.933 [main] INFO  [User2Application:50] - Starting User2Application using Java 17.0.9 with PID 21560 (C:\user2\build\classes\java\main started by ghkim in C:\user2)
24-01-04 14:54:16.935 [main] INFO  [User2Application:662] - No active profile set, falling back to 1 default profile: "default"
24-01-04 14:54:17.738 [main] INFO  [TomcatWebServer:109] - Tomcat initialized with port 8080 (http)
24-01-04 14:54:17.745 [main] INFO  [Http11NioProtocol:173] - Initializing ProtocolHandler ["http-nio-8080"]
24-01-04 14:54:17.747 [main] INFO  [StandardService:173] - Starting service [Tomcat]
24-01-04 14:54:17.747 [main] INFO  [StandardEngine:173] - Starting Servlet engine: [Apache Tomcat/10.1.17]
24-01-04 14:54:17.892 [main] INFO  [TldScanner:173] - At least one JAR was scanned for TLDs yet contained no TLDs. Enable debug logging for this logger for a complete list of JARs that were scanned but no TLDs were found in them. Skipping unneeded JARs during scanning can improve startup time and JSP compilation time.
24-01-04 14:54:17.898 [main] INFO  [[/]:173] - Initializing Spring embedded WebApplicationContext
24-01-04 14:54:17.898 [main] INFO  [ServletWebServerApplicationContext:296] - Root WebApplicationContext: initialization completed in 935 ms
24-01-04 14:54:18.339 [main] INFO  [DefaultSecurityFilterChain:54] - Will secure any request with [org.springframework.security.web.session.DisableEncodeUrlFilter@7b18658a, org.springframework.security.web.context.request.async.WebAsyncManagerIntegrationFilter@30f28b5, org.springframework.security.web.context.SecurityContextHolderFilter@418f890f, org.springframework.security.web.header.HeaderWriterFilter@73f6e07, org.springframework.web.filter.CorsFilter@1a1f79ce, org.springframework.security.web.authentication.logout.LogoutFilter@7e49ded, org.springframework.security.web.authentication.UsernamePasswordAuthenticationFilter@634f58d2, org.springframework.security.web.savedrequest.RequestCacheAwareFilter@7d66e544, org.springframework.security.web.servletapi.SecurityContextHolderAwareRequestFilter@666618d6, org.springframework.security.web.authentication.AnonymousAuthenticationFilter@6aa7e176, org.springframework.security.web.access.ExceptionTranslationFilter@447fa959, org.springframework.security.web.access.intercept.AuthorizationFilter@59c43561]
24-01-04 14:54:18.456 [main] INFO  [Http11NioProtocol:173] - Starting ProtocolHandler ["http-nio-8080"]
24-01-04 14:54:18.479 [main] INFO  [TomcatWebServer:241] - Tomcat started on port 8080 (http) with context path ''
24-01-04 14:54:18.486 [main] INFO  [User2Application:56] - Started User2Application in 1.914 seconds (process running for 2.15)
24-01-04 14:54:19.172 [http-nio-8080-exec-1] INFO  [[/]:173] - Initializing Spring DispatcherServlet 'dispatcherServlet'
24-01-04 14:54:19.172 [http-nio-8080-exec-1] INFO  [DispatcherServlet:532] - Initializing Servlet 'dispatcherServlet'
24-01-04 14:54:19.173 [http-nio-8080-exec-1] INFO  [DispatcherServlet:554] - Completed initialization in 1 ms
24-01-04 14:54:24.082 [http-nio-8080-exec-3] INFO  [HikariDataSource:110] - HikariPool-1 - Starting...
24-01-04 14:54:24.155 [http-nio-8080-exec-3] INFO  [HikariPool:565] - HikariPool-1 - Added connection org.mariadb.jdbc.Connection@485f2604
24-01-04 14:54:24.156 [http-nio-8080-exec-3] INFO  [HikariDataSource:123] - HikariPool-1 - Start completed.
24-01-04 14:59:37.477 [main] INFO  [User2Application:50] - Starting User2Application using Java 17.0.9 with PID 39504 (C:\user2\build\classes\java\main started by ghkim in C:\user2)
24-01-04 14:59:37.480 [main] INFO  [User2Application:662] - No active profile set, falling back to 1 default profile: "default"
24-01-04 14:59:38.293 [main] INFO  [TomcatWebServer:109] - Tomcat initialized with port 8080 (http)
24-01-04 14:59:38.300 [main] INFO  [Http11NioProtocol:173] - Initializing ProtocolHandler ["http-nio-8080"]
24-01-04 14:59:38.302 [main] INFO  [StandardService:173] - Starting service [Tomcat]
24-01-04 14:59:38.302 [main] INFO  [StandardEngine:173] - Starting Servlet engine: [Apache Tomcat/10.1.17]
24-01-04 14:59:38.443 [main] INFO  [TldScanner:173] - At least one JAR was scanned for TLDs yet contained no TLDs. Enable debug logging for this logger for a complete list of JARs that were scanned but no TLDs were found in them. Skipping unneeded JARs during scanning can improve startup time and JSP compilation time.
24-01-04 14:59:38.449 [main] INFO  [[/]:173] - Initializing Spring embedded WebApplicationContext
24-01-04 14:59:38.450 [main] INFO  [ServletWebServerApplicationContext:296] - Root WebApplicationContext: initialization completed in 941 ms
24-01-04 14:59:38.843 [main] INFO  [DefaultSecurityFilterChain:54] - Will secure any request with [org.springframework.security.web.session.DisableEncodeUrlFilter@30f28b5, org.springframework.security.web.context.request.async.WebAsyncManagerIntegrationFilter@1a1f79ce, org.springframework.security.web.context.SecurityContextHolderFilter@3d3c886f, org.springframework.security.web.header.HeaderWriterFilter@2c9d90fc, org.springframework.web.filter.CorsFilter@6aa7e176, org.springframework.security.web.authentication.logout.LogoutFilter@2c6c302f, org.springframework.security.web.authentication.UsernamePasswordAuthenticationFilter@585513a8, org.springframework.security.web.savedrequest.RequestCacheAwareFilter@666618d6, org.springframework.security.web.servletapi.SecurityContextHolderAwareRequestFilter@5b1c32e4, org.springframework.security.web.authentication.AnonymousAuthenticationFilter@52abed9d, org.springframework.security.web.access.ExceptionTranslationFilter@3e4d40ea, org.springframework.security.web.access.intercept.AuthorizationFilter@634f58d2]
24-01-04 14:59:38.958 [main] INFO  [Http11NioProtocol:173] - Starting ProtocolHandler ["http-nio-8080"]
24-01-04 14:59:38.982 [main] INFO  [TomcatWebServer:241] - Tomcat started on port 8080 (http) with context path ''
24-01-04 14:59:38.988 [main] INFO  [User2Application:56] - Started User2Application in 1.883 seconds (process running for 2.154)
24-01-04 14:59:40.783 [http-nio-8080-exec-1] INFO  [[/]:173] - Initializing Spring DispatcherServlet 'dispatcherServlet'
24-01-04 14:59:40.784 [http-nio-8080-exec-1] INFO  [DispatcherServlet:532] - Initializing Servlet 'dispatcherServlet'
24-01-04 14:59:40.785 [http-nio-8080-exec-1] INFO  [DispatcherServlet:554] - Completed initialization in 1 ms
24-01-04 14:59:49.313 [http-nio-8080-exec-3] INFO  [HikariDataSource:110] - HikariPool-1 - Starting...
24-01-04 14:59:49.387 [http-nio-8080-exec-3] INFO  [HikariPool:565] - HikariPool-1 - Added connection org.mariadb.jdbc.Connection@e99b309
24-01-04 14:59:49.389 [http-nio-8080-exec-3] INFO  [HikariDataSource:123] - HikariPool-1 - Start completed.
24-01-04 15:05:02.745 [main] INFO  [User2Application:50] - Starting User2Application using Java 17.0.9 with PID 40500 (C:\user2\build\classes\java\main started by ghkim in C:\user2)
24-01-04 15:05:02.747 [main] INFO  [User2Application:662] - No active profile set, falling back to 1 default profile: "default"
24-01-04 15:05:03.682 [main] INFO  [TomcatWebServer:109] - Tomcat initialized with port 8080 (http)
24-01-04 15:05:03.692 [main] INFO  [Http11NioProtocol:173] - Initializing ProtocolHandler ["http-nio-8080"]
24-01-04 15:05:03.695 [main] INFO  [StandardService:173] - Starting service [Tomcat]
24-01-04 15:05:03.696 [main] INFO  [StandardEngine:173] - Starting Servlet engine: [Apache Tomcat/10.1.17]
24-01-04 15:05:03.870 [main] INFO  [TldScanner:173] - At least one JAR was scanned for TLDs yet contained no TLDs. Enable debug logging for this logger for a complete list of JARs that were scanned but no TLDs were found in them. Skipping unneeded JARs during scanning can improve startup time and JSP compilation time.
24-01-04 15:05:03.876 [main] INFO  [[/]:173] - Initializing Spring embedded WebApplicationContext
24-01-04 15:05:03.876 [main] INFO  [ServletWebServerApplicationContext:296] - Root WebApplicationContext: initialization completed in 1091 ms
24-01-04 15:05:04.299 [main] INFO  [DefaultSecurityFilterChain:54] - Will secure any request with [org.springframework.security.web.session.DisableEncodeUrlFilter@7b18658a, org.springframework.security.web.context.request.async.WebAsyncManagerIntegrationFilter@30f28b5, org.springframework.security.web.context.SecurityContextHolderFilter@418f890f, org.springframework.security.web.header.HeaderWriterFilter@73f6e07, org.springframework.web.filter.CorsFilter@1a1f79ce, org.springframework.security.web.authentication.logout.LogoutFilter@7e49ded, org.springframework.security.web.authentication.UsernamePasswordAuthenticationFilter@634f58d2, org.springframework.security.web.savedrequest.RequestCacheAwareFilter@7d66e544, org.springframework.security.web.servletapi.SecurityContextHolderAwareRequestFilter@666618d6, org.springframework.security.web.authentication.AnonymousAuthenticationFilter@6aa7e176, org.springframework.security.web.access.ExceptionTranslationFilter@447fa959, org.springframework.security.web.access.intercept.AuthorizationFilter@59c43561]
24-01-04 15:05:04.414 [main] INFO  [Http11NioProtocol:173] - Starting ProtocolHandler ["http-nio-8080"]
24-01-04 15:05:04.437 [main] INFO  [TomcatWebServer:241] - Tomcat started on port 8080 (http) with context path ''
24-01-04 15:05:04.444 [main] INFO  [User2Application:56] - Started User2Application in 2.103 seconds (process running for 2.363)
24-01-04 15:05:10.685 [http-nio-8080-exec-1] INFO  [[/]:173] - Initializing Spring DispatcherServlet 'dispatcherServlet'
24-01-04 15:05:10.685 [http-nio-8080-exec-1] INFO  [DispatcherServlet:532] - Initializing Servlet 'dispatcherServlet'
24-01-04 15:05:10.686 [http-nio-8080-exec-1] INFO  [DispatcherServlet:554] - Completed initialization in 1 ms
24-01-04 15:05:15.373 [http-nio-8080-exec-3] INFO  [GlobalErrorController:24] - From GlobalErrorController, 404 Not Found Error 
404
24-01-04 15:05:22.250 [http-nio-8080-exec-6] INFO  [GlobalErrorController:24] - From GlobalErrorController, 404 Not Found Error 
404
