24-01-03 08:53:49.269 [main] INFO  [User2Application:50] - Starting User2Application using Java 17.0.9 with PID 37044 (C:\user2\build\classes\java\main started by ghkim in C:\user2)
24-01-03 08:53:49.280 [main] INFO  [User2Application:662] - No active profile set, falling back to 1 default profile: "default"
24-01-03 08:53:49.907 [main] WARN  [ClassPathMapperScanner:44] - No MyBatis mapper was found in '[com.gyuha.user2]' package. Please check your configuration.
24-01-03 08:53:50.370 [main] INFO  [TomcatWebServer:109] - Tomcat initialized with port 8080 (http)
24-01-03 08:53:50.380 [main] INFO  [Http11NioProtocol:173] - Initializing ProtocolHandler ["http-nio-8080"]
24-01-03 08:53:50.383 [main] INFO  [StandardService:173] - Starting service [Tomcat]
24-01-03 08:53:50.384 [main] INFO  [StandardEngine:173] - Starting Servlet engine: [Apache Tomcat/10.1.17]
24-01-03 08:53:50.599 [main] INFO  [TldScanner:173] - At least one JAR was scanned for TLDs yet contained no TLDs. Enable debug logging for this logger for a complete list of JARs that were scanned but no TLDs were found in them. Skipping unneeded JARs during scanning can improve startup time and JSP compilation time.
24-01-03 08:53:50.607 [main] INFO  [[/]:173] - Initializing Spring embedded WebApplicationContext
24-01-03 08:53:50.608 [main] INFO  [ServletWebServerApplicationContext:296] - Root WebApplicationContext: initialization completed in 1289 ms
24-01-03 08:53:50.720 [main] WARN  [UserDetailsServiceAutoConfiguration:84] - 

Using generated security password: 773889fc-12f0-4775-b29e-4df0870e8884

This generated password is for development use only. Your security configuration must be updated before running your application in production.

24-01-03 08:53:50.936 [main] INFO  [DefaultSecurityFilterChain:54] - Will secure any request with [org.springframework.security.web.session.DisableEncodeUrlFilter@35d26ad2, org.springframework.security.web.context.request.async.WebAsyncManagerIntegrationFilter@bb25753, org.springframework.security.web.context.SecurityContextHolderFilter@4bb1b96b, org.springframework.security.web.header.HeaderWriterFilter@2dafae61, org.springframework.web.filter.CorsFilter@ee21292, org.springframework.security.web.csrf.CsrfFilter@7e7743ec, org.springframework.security.web.authentication.logout.LogoutFilter@5707f613, org.springframework.security.web.authentication.UsernamePasswordAuthenticationFilter@9a20cbd, org.springframework.security.web.savedrequest.RequestCacheAwareFilter@1f66d8e1, org.springframework.security.web.servletapi.SecurityContextHolderAwareRequestFilter@721d5b74, org.springframework.security.web.authentication.AnonymousAuthenticationFilter@40c06358, org.springframework.security.web.access.ExceptionTranslationFilter@5ef85555, org.springframework.security.web.access.intercept.AuthorizationFilter@7573b9ee]
24-01-03 08:53:51.158 [main] INFO  [Http11NioProtocol:173] - Starting ProtocolHandler ["http-nio-8080"]
24-01-03 08:53:51.185 [main] INFO  [TomcatWebServer:241] - Tomcat started on port 8080 (http) with context path ''
24-01-03 08:53:51.193 [main] INFO  [User2Application:56] - Started User2Application in 2.349 seconds (process running for 2.63)
24-01-03 08:53:54.991 [http-nio-8080-exec-1] INFO  [[/]:173] - Initializing Spring DispatcherServlet 'dispatcherServlet'
24-01-03 08:53:54.991 [http-nio-8080-exec-1] INFO  [DispatcherServlet:532] - Initializing Servlet 'dispatcherServlet'
24-01-03 08:53:54.992 [http-nio-8080-exec-1] INFO  [DispatcherServlet:554] - Completed initialization in 1 ms
